2017-06-14 12:00:12,423 [11] ERROR Sincerity.SincerityCrawler - Sincerity.SincerityCrawler
 Sincerity.SincerityCrawlernameSystem.Net.WebException: 基础连接已经关闭: 接收时发生错误。 ---> System.IO.IOException: 无法从传输连接中读取数据: 远程主机强迫关闭了一个现有的连接。。 ---> System.Net.Sockets.SocketException: 远程主机强迫关闭了一个现有的连接。
   在 System.Net.Sockets.Socket.Receive(Byte[] buffer, Int32 offset, Int32 size, SocketFlags socketFlags)
   在 System.Net.Sockets.NetworkStream.Read(Byte[] buffer, Int32 offset, Int32 size)
   --- 内部异常堆栈跟踪的结尾 ---
   在 System.Net.Sockets.NetworkStream.Read(Byte[] buffer, Int32 offset, Int32 size)
   在 System.Net.Connection.SyncRead(HttpWebRequest request, Boolean userRetrievedStream, Boolean probeRead)
   --- 内部异常堆栈跟踪的结尾 ---
   在 System.Net.HttpWebRequest.GetResponse()
   在 ZJCredit.HttpHelper.GetHtmlByPost(String url, String postDataString, IWebProxy proxy) 位置 F:\myGitHub\ZJCredit\HelpLib\HttpHelper.cs:行号 150
   在 Sincerity.SincerityCrawler.GetInfoAndInsertDb(String url, Action`2 insertDb, String tableName) 位置 F:\myGitHub\ZJCredit\Sincerity\SincerityCrawler.cs:行号 150
   在 Sincerity.SincerityCrawler.GetInfoAndInsertDb(Object o) 位置 F:\myGitHub\ZJCredit\Sincerity\SincerityCrawler.cs:行号 69
2017-06-14 12:00:12,423 [10] ERROR Sincerity.SincerityCrawler - Sincerity.SincerityCrawler
 Sincerity.SincerityCrawlernameSystem.Net.WebException: 基础连接已经关闭: 接收时发生错误。 ---> System.IO.IOException: 无法从传输连接中读取数据: 远程主机强迫关闭了一个现有的连接。。 ---> System.Net.Sockets.SocketException: 远程主机强迫关闭了一个现有的连接。
   在 System.Net.Sockets.Socket.Receive(Byte[] buffer, Int32 offset, Int32 size, SocketFlags socketFlags)
   在 System.Net.Sockets.NetworkStream.Read(Byte[] buffer, Int32 offset, Int32 size)
   --- 内部异常堆栈跟踪的结尾 ---
   在 System.Net.Sockets.NetworkStream.Read(Byte[] buffer, Int32 offset, Int32 size)
   在 System.Net.Connection.SyncRead(HttpWebRequest request, Boolean userRetrievedStream, Boolean probeRead)
   --- 内部异常堆栈跟踪的结尾 ---
   在 System.Net.HttpWebRequest.GetResponse()
   在 ZJCredit.HttpHelper.GetHtmlByPost(String url, String postDataString, IWebProxy proxy) 位置 F:\myGitHub\ZJCredit\HelpLib\HttpHelper.cs:行号 150
   在 Sincerity.SincerityCrawler.GetInfoAndInsertDb(String url, Action`2 insertDb, String tableName) 位置 F:\myGitHub\ZJCredit\Sincerity\SincerityCrawler.cs:行号 150
   在 Sincerity.SincerityCrawler.GetInfoAndInsertDb(Object o) 位置 F:\myGitHub\ZJCredit\Sincerity\SincerityCrawler.cs:行号 69
2017-06-14 12:00:12,456 [10] ERROR Sincerity.SincerityCrawler - Sincerity.SincerityCrawler
 Sincerity.SincerityCrawlernameSystem.Net.WebException: 基础连接已经关闭: 接收时发生错误。 ---> System.IO.IOException: 无法从传输连接中读取数据: 远程主机强迫关闭了一个现有的连接。。 ---> System.Net.Sockets.SocketException: 远程主机强迫关闭了一个现有的连接。
   在 System.Net.Sockets.Socket.Receive(Byte[] buffer, Int32 offset, Int32 size, SocketFlags socketFlags)
   在 System.Net.Sockets.NetworkStream.Read(Byte[] buffer, Int32 offset, Int32 size)
   --- 内部异常堆栈跟踪的结尾 ---
   在 System.Net.Sockets.NetworkStream.Read(Byte[] buffer, Int32 offset, Int32 size)
   在 System.Net.Connection.SyncRead(HttpWebRequest request, Boolean userRetrievedStream, Boolean probeRead)
   --- 内部异常堆栈跟踪的结尾 ---
   在 System.Net.HttpWebRequest.GetResponse()
   在 ZJCredit.HttpHelper.GetHtmlByPost(String url, String postDataString, IWebProxy proxy) 位置 F:\myGitHub\ZJCredit\HelpLib\HttpHelper.cs:行号 150
   在 Sincerity.SincerityCrawler.GetInfoAndInsertDb(String url, Action`2 insertDb, String tableName) 位置 F:\myGitHub\ZJCredit\Sincerity\SincerityCrawler.cs:行号 150
   在 Sincerity.SincerityCrawler.GetInfoAndInsertDb(Object o) 位置 F:\myGitHub\ZJCredit\Sincerity\SincerityCrawler.cs:行号 69
2017-06-14 12:47:53,934 [11] ERROR Sincerity.SincerityCrawler - Sincerity.SincerityCrawler
 Sincerity.SincerityCrawlernameSystem.Net.WebException: 未能解析此远程名称: 'www.zjcredit.gov.cn'
   在 System.Net.HttpWebRequest.GetRequestStream(TransportContext& context)
   在 System.Net.HttpWebRequest.GetRequestStream()
   在 ZJCredit.HttpHelper.GetHtmlByPost(String url, String postDataString, IWebProxy proxy) 位置 F:\myGitHub\ZJCredit\HelpLib\HttpHelper.cs:行号 144
   在 Sincerity.SincerityCrawler.GetInfoAndInsertDb(String url, Action`2 insertDb, String tableName) 位置 F:\myGitHub\ZJCredit\Sincerity\SincerityCrawler.cs:行号 150
   在 Sincerity.SincerityCrawler.GetInfoAndInsertDb(Object o) 位置 F:\myGitHub\ZJCredit\Sincerity\SincerityCrawler.cs:行号 69
2017-06-14 12:47:53,946 [11] ERROR Sincerity.SincerityCrawler - Sincerity.SincerityCrawler
 Sincerity.SincerityCrawlernameSystem.Net.WebException: 未能解析此远程名称: 'www.zjcredit.gov.cn'
   在 System.Net.HttpWebRequest.GetRequestStream(TransportContext& context)
   在 System.Net.HttpWebRequest.GetRequestStream()
   在 ZJCredit.HttpHelper.GetHtmlByPost(String url, String postDataString, IWebProxy proxy) 位置 F:\myGitHub\ZJCredit\HelpLib\HttpHelper.cs:行号 144
   在 Sincerity.SincerityCrawler.GetInfoAndInsertDb(String url, Action`2 insertDb, String tableName) 位置 F:\myGitHub\ZJCredit\Sincerity\SincerityCrawler.cs:行号 150
   在 Sincerity.SincerityCrawler.GetInfoAndInsertDb(Object o) 位置 F:\myGitHub\ZJCredit\Sincerity\SincerityCrawler.cs:行号 69
2017-06-14 12:47:53,955 [11] ERROR Sincerity.SincerityCrawler - Sincerity.SincerityCrawler
 Sincerity.SincerityCrawlernameSystem.Net.WebException: 未能解析此远程名称: 'www.zjcredit.gov.cn'
   在 System.Net.HttpWebRequest.GetRequestStream(TransportContext& context)
   在 System.Net.HttpWebRequest.GetRequestStream()
   在 ZJCredit.HttpHelper.GetHtmlByPost(String url, String postDataString, IWebProxy proxy) 位置 F:\myGitHub\ZJCredit\HelpLib\HttpHelper.cs:行号 144
   在 Sincerity.SincerityCrawler.GetInfoAndInsertDb(String url, Action`2 insertDb, String tableName) 位置 F:\myGitHub\ZJCredit\Sincerity\SincerityCrawler.cs:行号 150
   在 Sincerity.SincerityCrawler.GetInfoAndInsertDb(Object o) 位置 F:\myGitHub\ZJCredit\Sincerity\SincerityCrawler.cs:行号 69
2017-06-14 13:03:02,506 [10] ERROR Sincerity.SincerityCrawler - Sincerity.SincerityCrawler
 Sincerity.SincerityCrawlernameSystem.Net.WebException: 远程服务器返回错误: (504) 网关超时。
   在 System.Net.HttpWebRequest.GetResponse()
   在 ZJCredit.HttpHelper.GetHtmlByPost(String url, String postDataString, IWebProxy proxy) 位置 F:\myGitHub\ZJCredit\HelpLib\HttpHelper.cs:行号 150
   在 Sincerity.SincerityCrawler.GetInfoAndInsertDb(String url, Action`2 insertDb, String tableName) 位置 F:\myGitHub\ZJCredit\Sincerity\SincerityCrawler.cs:行号 150
   在 Sincerity.SincerityCrawler.GetInfoAndInsertDb(Object o) 位置 F:\myGitHub\ZJCredit\Sincerity\SincerityCrawler.cs:行号 69
2017-06-14 13:03:02,513 [10] ERROR Sincerity.SincerityCrawler - Sincerity.SincerityCrawler
 Sincerity.SincerityCrawlernameSystem.Net.WebException: 远程服务器返回错误: (504) 网关超时。
   在 System.Net.HttpWebRequest.GetResponse()
   在 ZJCredit.HttpHelper.GetHtmlByPost(String url, String postDataString, IWebProxy proxy) 位置 F:\myGitHub\ZJCredit\HelpLib\HttpHelper.cs:行号 150
   在 Sincerity.SincerityCrawler.GetInfoAndInsertDb(String url, Action`2 insertDb, String tableName) 位置 F:\myGitHub\ZJCredit\Sincerity\SincerityCrawler.cs:行号 150
   在 Sincerity.SincerityCrawler.GetInfoAndInsertDb(Object o) 位置 F:\myGitHub\ZJCredit\Sincerity\SincerityCrawler.cs:行号 69
2017-06-14 13:03:02,523 [10] ERROR Sincerity.SincerityCrawler - Sincerity.SincerityCrawler
 Sincerity.SincerityCrawlernameSystem.Net.WebException: 远程服务器返回错误: (504) 网关超时。
   在 System.Net.HttpWebRequest.GetResponse()
   在 ZJCredit.HttpHelper.GetHtmlByPost(String url, String postDataString, IWebProxy proxy) 位置 F:\myGitHub\ZJCredit\HelpLib\HttpHelper.cs:行号 150
   在 Sincerity.SincerityCrawler.GetInfoAndInsertDb(String url, Action`2 insertDb, String tableName) 位置 F:\myGitHub\ZJCredit\Sincerity\SincerityCrawler.cs:行号 150
   在 Sincerity.SincerityCrawler.GetInfoAndInsertDb(Object o) 位置 F:\myGitHub\ZJCredit\Sincerity\SincerityCrawler.cs:行号 69
2017-06-14 13:03:02,531 [10] ERROR Sincerity.SincerityCrawler - Sincerity.SincerityCrawler
 Sincerity.SincerityCrawlernameSystem.Net.WebException: 远程服务器返回错误: (504) 网关超时。
   在 System.Net.HttpWebRequest.GetResponse()
   在 ZJCredit.HttpHelper.GetHtmlByPost(String url, String postDataString, IWebProxy proxy) 位置 F:\myGitHub\ZJCredit\HelpLib\HttpHelper.cs:行号 150
   在 Sincerity.SincerityCrawler.GetInfoAndInsertDb(String url, Action`2 insertDb, String tableName) 位置 F:\myGitHub\ZJCredit\Sincerity\SincerityCrawler.cs:行号 150
   在 Sincerity.SincerityCrawler.GetInfoAndInsertDb(Object o) 位置 F:\myGitHub\ZJCredit\Sincerity\SincerityCrawler.cs:行号 69
2017-06-14 18:44:21,223 [7] ERROR Sincerity.SincerityCrawler - Sincerity.SincerityCrawler
 Sincerity.SincerityCrawlernameSystem.Net.WebException: 远程服务器返回错误: (504) 网关超时。
   在 System.Net.HttpWebRequest.GetResponse()
   在 ZJCredit.HttpHelper.GetHtmlByPost(String url, String postDataString, IWebProxy proxy) 位置 F:\myGitHub\ZJCredit\HelpLib\HttpHelper.cs:行号 150
   在 Sincerity.SincerityCrawler.GetInfoAndInsertDb(String url, Action`2 insertDb, String tableName) 位置 F:\myGitHub\ZJCredit\Sincerity\SincerityCrawler.cs:行号 150
   在 Sincerity.SincerityCrawler.GetInfoAndInsertDb(Object o) 位置 F:\myGitHub\ZJCredit\Sincerity\SincerityCrawler.cs:行号 69
2017-06-14 18:44:21,239 [7] ERROR Sincerity.SincerityCrawler - Sincerity.SincerityCrawler
 Sincerity.SincerityCrawlernameSystem.Net.WebException: 远程服务器返回错误: (504) 网关超时。
   在 System.Net.HttpWebRequest.GetResponse()
   在 ZJCredit.HttpHelper.GetHtmlByPost(String url, String postDataString, IWebProxy proxy) 位置 F:\myGitHub\ZJCredit\HelpLib\HttpHelper.cs:行号 150
   在 Sincerity.SincerityCrawler.GetInfoAndInsertDb(String url, Action`2 insertDb, String tableName) 位置 F:\myGitHub\ZJCredit\Sincerity\SincerityCrawler.cs:行号 150
   在 Sincerity.SincerityCrawler.GetInfoAndInsertDb(Object o) 位置 F:\myGitHub\ZJCredit\Sincerity\SincerityCrawler.cs:行号 69
2017-06-14 18:44:21,250 [7] ERROR Sincerity.SincerityCrawler - Sincerity.SincerityCrawler
 Sincerity.SincerityCrawlernameSystem.Net.WebException: 远程服务器返回错误: (504) 网关超时。
   在 System.Net.HttpWebRequest.GetResponse()
   在 ZJCredit.HttpHelper.GetHtmlByPost(String url, String postDataString, IWebProxy proxy) 位置 F:\myGitHub\ZJCredit\HelpLib\HttpHelper.cs:行号 150
   在 Sincerity.SincerityCrawler.GetInfoAndInsertDb(String url, Action`2 insertDb, String tableName) 位置 F:\myGitHub\ZJCredit\Sincerity\SincerityCrawler.cs:行号 150
   在 Sincerity.SincerityCrawler.GetInfoAndInsertDb(Object o) 位置 F:\myGitHub\ZJCredit\Sincerity\SincerityCrawler.cs:行号 69
2017-06-14 18:44:21,261 [7] ERROR Sincerity.SincerityCrawler - Sincerity.SincerityCrawler
 Sincerity.SincerityCrawlernameSystem.Net.WebException: 远程服务器返回错误: (504) 网关超时。
   在 System.Net.HttpWebRequest.GetResponse()
   在 ZJCredit.HttpHelper.GetHtmlByPost(String url, String postDataString, IWebProxy proxy) 位置 F:\myGitHub\ZJCredit\HelpLib\HttpHelper.cs:行号 150
   在 Sincerity.SincerityCrawler.GetInfoAndInsertDb(String url, Action`2 insertDb, String tableName) 位置 F:\myGitHub\ZJCredit\Sincerity\SincerityCrawler.cs:行号 150
   在 Sincerity.SincerityCrawler.GetInfoAndInsertDb(Object o) 位置 F:\myGitHub\ZJCredit\Sincerity\SincerityCrawler.cs:行号 69
2017-06-14 18:44:21,269 [7] ERROR Sincerity.SincerityCrawler - Sincerity.SincerityCrawler
 Sincerity.SincerityCrawlernameSystem.Net.WebException: 远程服务器返回错误: (504) 网关超时。
   在 System.Net.HttpWebRequest.GetResponse()
   在 ZJCredit.HttpHelper.GetHtmlByPost(String url, String postDataString, IWebProxy proxy) 位置 F:\myGitHub\ZJCredit\HelpLib\HttpHelper.cs:行号 150
   在 Sincerity.SincerityCrawler.GetInfoAndInsertDb(String url, Action`2 insertDb, String tableName) 位置 F:\myGitHub\ZJCredit\Sincerity\SincerityCrawler.cs:行号 150
   在 Sincerity.SincerityCrawler.GetInfoAndInsertDb(Object o) 位置 F:\myGitHub\ZJCredit\Sincerity\SincerityCrawler.cs:行号 69
2017-06-14 18:48:19,693 [10] ERROR Sincerity.SincerityCrawler - Sincerity.SincerityCrawler
 Sincerity.SincerityCrawlernameSystem.Net.WebException: 操作超时
   在 System.Net.HttpWebRequest.GetResponse()
   在 ZJCredit.HttpHelper.GetHtmlByPost(String url, String postDataString, IWebProxy proxy) 位置 F:\myGitHub\ZJCredit\HelpLib\HttpHelper.cs:行号 150
   在 Sincerity.SincerityCrawler.GetInfoAndInsertDb(String url, Action`2 insertDb, String tableName) 位置 F:\myGitHub\ZJCredit\Sincerity\SincerityCrawler.cs:行号 150
   在 Sincerity.SincerityCrawler.GetInfoAndInsertDb(Object o) 位置 F:\myGitHub\ZJCredit\Sincerity\SincerityCrawler.cs:行号 69
2017-06-14 18:48:19,695 [10] ERROR Sincerity.SincerityCrawler - Sincerity.SincerityCrawler
 Sincerity.SincerityCrawlernameSystem.Net.WebException: 操作超时
   在 System.Net.HttpWebRequest.GetResponse()
   在 ZJCredit.HttpHelper.GetHtmlByPost(String url, String postDataString, IWebProxy proxy) 位置 F:\myGitHub\ZJCredit\HelpLib\HttpHelper.cs:行号 150
   在 Sincerity.SincerityCrawler.GetInfoAndInsertDb(String url, Action`2 insertDb, String tableName) 位置 F:\myGitHub\ZJCredit\Sincerity\SincerityCrawler.cs:行号 150
   在 Sincerity.SincerityCrawler.GetInfoAndInsertDb(Object o) 位置 F:\myGitHub\ZJCredit\Sincerity\SincerityCrawler.cs:行号 69
2017-06-14 18:48:19,696 [10] ERROR Sincerity.SincerityCrawler - Sincerity.SincerityCrawler
 Sincerity.SincerityCrawlernameSystem.Net.WebException: 操作超时
   在 System.Net.HttpWebRequest.GetResponse()
   在 ZJCredit.HttpHelper.GetHtmlByPost(String url, String postDataString, IWebProxy proxy) 位置 F:\myGitHub\ZJCredit\HelpLib\HttpHelper.cs:行号 150
   在 Sincerity.SincerityCrawler.GetInfoAndInsertDb(String url, Action`2 insertDb, String tableName) 位置 F:\myGitHub\ZJCredit\Sincerity\SincerityCrawler.cs:行号 150
   在 Sincerity.SincerityCrawler.GetInfoAndInsertDb(Object o) 位置 F:\myGitHub\ZJCredit\Sincerity\SincerityCrawler.cs:行号 69
2017-06-14 18:48:19,698 [10] ERROR Sincerity.SincerityCrawler - Sincerity.SincerityCrawler
 Sincerity.SincerityCrawlernameSystem.Net.WebException: 操作超时
   在 System.Net.HttpWebRequest.GetResponse()
   在 ZJCredit.HttpHelper.GetHtmlByPost(String url, String postDataString, IWebProxy proxy) 位置 F:\myGitHub\ZJCredit\HelpLib\HttpHelper.cs:行号 150
   在 Sincerity.SincerityCrawler.GetInfoAndInsertDb(String url, Action`2 insertDb, String tableName) 位置 F:\myGitHub\ZJCredit\Sincerity\SincerityCrawler.cs:行号 150
   在 Sincerity.SincerityCrawler.GetInfoAndInsertDb(Object o) 位置 F:\myGitHub\ZJCredit\Sincerity\SincerityCrawler.cs:行号 69
2017-06-14 18:48:19,700 [10] ERROR Sincerity.SincerityCrawler - Sincerity.SincerityCrawler
 Sincerity.SincerityCrawlernameSystem.Net.WebException: 操作超时
   在 System.Net.HttpWebRequest.GetResponse()
   在 ZJCredit.HttpHelper.GetHtmlByPost(String url, String postDataString, IWebProxy proxy) 位置 F:\myGitHub\ZJCredit\HelpLib\HttpHelper.cs:行号 150
   在 Sincerity.SincerityCrawler.GetInfoAndInsertDb(String url, Action`2 insertDb, String tableName) 位置 F:\myGitHub\ZJCredit\Sincerity\SincerityCrawler.cs:行号 150
   在 Sincerity.SincerityCrawler.GetInfoAndInsertDb(Object o) 位置 F:\myGitHub\ZJCredit\Sincerity\SincerityCrawler.cs:行号 69
2017-06-14 18:48:19,702 [10] ERROR Sincerity.SincerityCrawler - Sincerity.SincerityCrawler
 Sincerity.SincerityCrawlernameSystem.Net.WebException: 操作超时
   在 System.Net.HttpWebRequest.GetResponse()
   在 ZJCredit.HttpHelper.GetHtmlByPost(String url, String postDataString, IWebProxy proxy) 位置 F:\myGitHub\ZJCredit\HelpLib\HttpHelper.cs:行号 150
   在 Sincerity.SincerityCrawler.GetInfoAndInsertDb(String url, Action`2 insertDb, String tableName) 位置 F:\myGitHub\ZJCredit\Sincerity\SincerityCrawler.cs:行号 150
   在 Sincerity.SincerityCrawler.GetInfoAndInsertDb(Object o) 位置 F:\myGitHub\ZJCredit\Sincerity\SincerityCrawler.cs:行号 69
2017-06-14 19:02:18,457 [13] ERROR Sincerity.SincerityCrawler - Sincerity.SincerityCrawler
 Sincerity.SincerityCrawlernameSystem.Net.WebException: 远程服务器返回错误: (504) 网关超时。
   在 System.Net.HttpWebRequest.GetResponse()
   在 ZJCredit.HttpHelper.GetHtmlByPost(String url, String postDataString, IWebProxy proxy) 位置 F:\myGitHub\ZJCredit\HelpLib\HttpHelper.cs:行号 150
   在 Sincerity.SincerityCrawler.GetInfoAndInsertDb(String url, Action`2 insertDb, String tableName) 位置 F:\myGitHub\ZJCredit\Sincerity\SincerityCrawler.cs:行号 150
   在 Sincerity.SincerityCrawler.GetInfoAndInsertDb(Object o) 位置 F:\myGitHub\ZJCredit\Sincerity\SincerityCrawler.cs:行号 69
2017-06-14 19:02:18,466 [13] ERROR Sincerity.SincerityCrawler - Sincerity.SincerityCrawler
 Sincerity.SincerityCrawlernameSystem.Net.WebException: 远程服务器返回错误: (504) 网关超时。
   在 System.Net.HttpWebRequest.GetResponse()
   在 ZJCredit.HttpHelper.GetHtmlByPost(String url, String postDataString, IWebProxy proxy) 位置 F:\myGitHub\ZJCredit\HelpLib\HttpHelper.cs:行号 150
   在 Sincerity.SincerityCrawler.GetInfoAndInsertDb(String url, Action`2 insertDb, String tableName) 位置 F:\myGitHub\ZJCredit\Sincerity\SincerityCrawler.cs:行号 150
   在 Sincerity.SincerityCrawler.GetInfoAndInsertDb(Object o) 位置 F:\myGitHub\ZJCredit\Sincerity\SincerityCrawler.cs:行号 69
2017-06-14 19:02:18,476 [13] ERROR Sincerity.SincerityCrawler - Sincerity.SincerityCrawler
 Sincerity.SincerityCrawlernameSystem.Net.WebException: 远程服务器返回错误: (504) 网关超时。
   在 System.Net.HttpWebRequest.GetResponse()
   在 ZJCredit.HttpHelper.GetHtmlByPost(String url, String postDataString, IWebProxy proxy) 位置 F:\myGitHub\ZJCredit\HelpLib\HttpHelper.cs:行号 150
   在 Sincerity.SincerityCrawler.GetInfoAndInsertDb(String url, Action`2 insertDb, String tableName) 位置 F:\myGitHub\ZJCredit\Sincerity\SincerityCrawler.cs:行号 150
   在 Sincerity.SincerityCrawler.GetInfoAndInsertDb(Object o) 位置 F:\myGitHub\ZJCredit\Sincerity\SincerityCrawler.cs:行号 69
2017-06-14 19:02:18,484 [13] ERROR Sincerity.SincerityCrawler - Sincerity.SincerityCrawler
 Sincerity.SincerityCrawlernameSystem.Net.WebException: 远程服务器返回错误: (504) 网关超时。
   在 System.Net.HttpWebRequest.GetResponse()
   在 ZJCredit.HttpHelper.GetHtmlByPost(String url, String postDataString, IWebProxy proxy) 位置 F:\myGitHub\ZJCredit\HelpLib\HttpHelper.cs:行号 150
   在 Sincerity.SincerityCrawler.GetInfoAndInsertDb(String url, Action`2 insertDb, String tableName) 位置 F:\myGitHub\ZJCredit\Sincerity\SincerityCrawler.cs:行号 150
   在 Sincerity.SincerityCrawler.GetInfoAndInsertDb(Object o) 位置 F:\myGitHub\ZJCredit\Sincerity\SincerityCrawler.cs:行号 69
2017-06-14 19:02:18,499 [13] ERROR Sincerity.SincerityCrawler - Sincerity.SincerityCrawler
 Sincerity.SincerityCrawlernameSystem.Net.WebException: 远程服务器返回错误: (504) 网关超时。
   在 System.Net.HttpWebRequest.GetResponse()
   在 ZJCredit.HttpHelper.GetHtmlByPost(String url, String postDataString, IWebProxy proxy) 位置 F:\myGitHub\ZJCredit\HelpLib\HttpHelper.cs:行号 150
   在 Sincerity.SincerityCrawler.GetInfoAndInsertDb(String url, Action`2 insertDb, String tableName) 位置 F:\myGitHub\ZJCredit\Sincerity\SincerityCrawler.cs:行号 150
   在 Sincerity.SincerityCrawler.GetInfoAndInsertDb(Object o) 位置 F:\myGitHub\ZJCredit\Sincerity\SincerityCrawler.cs:行号 69
2017-06-14 19:02:18,506 [13] ERROR Sincerity.SincerityCrawler - Sincerity.SincerityCrawler
 Sincerity.SincerityCrawlernameSystem.Net.WebException: 远程服务器返回错误: (504) 网关超时。
   在 System.Net.HttpWebRequest.GetResponse()
   在 ZJCredit.HttpHelper.GetHtmlByPost(String url, String postDataString, IWebProxy proxy) 位置 F:\myGitHub\ZJCredit\HelpLib\HttpHelper.cs:行号 150
   在 Sincerity.SincerityCrawler.GetInfoAndInsertDb(String url, Action`2 insertDb, String tableName) 位置 F:\myGitHub\ZJCredit\Sincerity\SincerityCrawler.cs:行号 150
   在 Sincerity.SincerityCrawler.GetInfoAndInsertDb(Object o) 位置 F:\myGitHub\ZJCredit\Sincerity\SincerityCrawler.cs:行号 69
2017-06-14 19:02:18,511 [13] ERROR Sincerity.SincerityCrawler - Sincerity.SincerityCrawler
 Sincerity.SincerityCrawlernameSystem.Net.WebException: 远程服务器返回错误: (504) 网关超时。
   在 System.Net.HttpWebRequest.GetResponse()
   在 ZJCredit.HttpHelper.GetHtmlByPost(String url, String postDataString, IWebProxy proxy) 位置 F:\myGitHub\ZJCredit\HelpLib\HttpHelper.cs:行号 150
   在 Sincerity.SincerityCrawler.GetInfoAndInsertDb(String url, Action`2 insertDb, String tableName) 位置 F:\myGitHub\ZJCredit\Sincerity\SincerityCrawler.cs:行号 150
   在 Sincerity.SincerityCrawler.GetInfoAndInsertDb(Object o) 位置 F:\myGitHub\ZJCredit\Sincerity\SincerityCrawler.cs:行号 69
2017-06-14 20:01:54,743 [16] ERROR Sincerity.SincerityCrawler - Sincerity.SincerityCrawler
 Sincerity.SincerityCrawlernameSystem.Net.WebException: 基础连接已经关闭: 服务器关闭了本应保持活动状态的连接。 ---> System.IO.IOException: 无法从传输连接中读取数据: 远程主机强迫关闭了一个现有的连接。。 ---> System.Net.Sockets.SocketException: 远程主机强迫关闭了一个现有的连接。
   在 System.Net.Sockets.Socket.Receive(Byte[] buffer, Int32 offset, Int32 size, SocketFlags socketFlags)
   在 System.Net.Sockets.NetworkStream.Read(Byte[] buffer, Int32 offset, Int32 size)
   --- 内部异常堆栈跟踪的结尾 ---
   在 System.Net.Sockets.NetworkStream.Read(Byte[] buffer, Int32 offset, Int32 size)
   在 System.Net.Connection.SyncRead(HttpWebRequest request, Boolean userRetrievedStream, Boolean probeRead)
   --- 内部异常堆栈跟踪的结尾 ---
   在 System.Net.HttpWebRequest.GetResponse()
   在 ZJCredit.HttpHelper.GetHtmlByPost(String url, String postDataString, IWebProxy proxy) 位置 F:\myGitHub\ZJCredit\HelpLib\HttpHelper.cs:行号 150
   在 Sincerity.SincerityCrawler.GetInfoAndInsertDb(String url, Action`2 insertDb, String tableName) 位置 F:\myGitHub\ZJCredit\Sincerity\SincerityCrawler.cs:行号 150
   在 Sincerity.SincerityCrawler.GetInfoAndInsertDb(Object o) 位置 F:\myGitHub\ZJCredit\Sincerity\SincerityCrawler.cs:行号 69
2017-06-14 20:01:54,754 [14] ERROR Sincerity.SincerityCrawler - Sincerity.SincerityCrawler
 Sincerity.SincerityCrawlernameSystem.Net.WebException: 基础连接已经关闭: 服务器关闭了本应保持活动状态的连接。 ---> System.IO.IOException: 无法从传输连接中读取数据: 远程主机强迫关闭了一个现有的连接。。 ---> System.Net.Sockets.SocketException: 远程主机强迫关闭了一个现有的连接。
   在 System.Net.Sockets.Socket.Receive(Byte[] buffer, Int32 offset, Int32 size, SocketFlags socketFlags)
   在 System.Net.Sockets.NetworkStream.Read(Byte[] buffer, Int32 offset, Int32 size)
   --- 内部异常堆栈跟踪的结尾 ---
   在 System.Net.Sockets.NetworkStream.Read(Byte[] buffer, Int32 offset, Int32 size)
   在 System.Net.Connection.SyncRead(HttpWebRequest request, Boolean userRetrievedStream, Boolean probeRead)
   --- 内部异常堆栈跟踪的结尾 ---
   在 System.Net.HttpWebRequest.GetResponse()
   在 ZJCredit.HttpHelper.GetHtmlByPost(String url, String postDataString, IWebProxy proxy) 位置 F:\myGitHub\ZJCredit\HelpLib\HttpHelper.cs:行号 150
   在 Sincerity.SincerityCrawler.GetInfoAndInsertDb(String url, Action`2 insertDb, String tableName) 位置 F:\myGitHub\ZJCredit\Sincerity\SincerityCrawler.cs:行号 150
   在 Sincerity.SincerityCrawler.GetInfoAndInsertDb(Object o) 位置 F:\myGitHub\ZJCredit\Sincerity\SincerityCrawler.cs:行号 69
2017-06-14 20:01:54,764 [16] ERROR Sincerity.SincerityCrawler - Sincerity.SincerityCrawler
 Sincerity.SincerityCrawlernameSystem.Net.WebException: 基础连接已经关闭: 服务器关闭了本应保持活动状态的连接。 ---> System.IO.IOException: 无法从传输连接中读取数据: 远程主机强迫关闭了一个现有的连接。。 ---> System.Net.Sockets.SocketException: 远程主机强迫关闭了一个现有的连接。
   在 System.Net.Sockets.Socket.Receive(Byte[] buffer, Int32 offset, Int32 size, SocketFlags socketFlags)
   在 System.Net.Sockets.NetworkStream.Read(Byte[] buffer, Int32 offset, Int32 size)
   --- 内部异常堆栈跟踪的结尾 ---
   在 System.Net.Sockets.NetworkStream.Read(Byte[] buffer, Int32 offset, Int32 size)
   在 System.Net.Connection.SyncRead(HttpWebRequest request, Boolean userRetrievedStream, Boolean probeRead)
   --- 内部异常堆栈跟踪的结尾 ---
   在 System.Net.HttpWebRequest.GetResponse()
   在 ZJCredit.HttpHelper.GetHtmlByPost(String url, String postDataString, IWebProxy proxy) 位置 F:\myGitHub\ZJCredit\HelpLib\HttpHelper.cs:行号 150
   在 Sincerity.SincerityCrawler.GetInfoAndInsertDb(String url, Action`2 insertDb, String tableName) 位置 F:\myGitHub\ZJCredit\Sincerity\SincerityCrawler.cs:行号 150
   在 Sincerity.SincerityCrawler.GetInfoAndInsertDb(Object o) 位置 F:\myGitHub\ZJCredit\Sincerity\SincerityCrawler.cs:行号 69
2017-06-14 20:01:54,780 [16] ERROR Sincerity.SincerityCrawler - Sincerity.SincerityCrawler
 Sincerity.SincerityCrawlernameSystem.Net.WebException: 基础连接已经关闭: 服务器关闭了本应保持活动状态的连接。 ---> System.IO.IOException: 无法从传输连接中读取数据: 远程主机强迫关闭了一个现有的连接。。 ---> System.Net.Sockets.SocketException: 远程主机强迫关闭了一个现有的连接。
   在 System.Net.Sockets.Socket.Receive(Byte[] buffer, Int32 offset, Int32 size, SocketFlags socketFlags)
   在 System.Net.Sockets.NetworkStream.Read(Byte[] buffer, Int32 offset, Int32 size)
   --- 内部异常堆栈跟踪的结尾 ---
   在 System.Net.Sockets.NetworkStream.Read(Byte[] buffer, Int32 offset, Int32 size)
   在 System.Net.Connection.SyncRead(HttpWebRequest request, Boolean userRetrievedStream, Boolean probeRead)
   --- 内部异常堆栈跟踪的结尾 ---
   在 System.Net.HttpWebRequest.GetResponse()
   在 ZJCredit.HttpHelper.GetHtmlByPost(String url, String postDataString, IWebProxy proxy) 位置 F:\myGitHub\ZJCredit\HelpLib\HttpHelper.cs:行号 150
   在 Sincerity.SincerityCrawler.GetInfoAndInsertDb(String url, Action`2 insertDb, String tableName) 位置 F:\myGitHub\ZJCredit\Sincerity\SincerityCrawler.cs:行号 150
   在 Sincerity.SincerityCrawler.GetInfoAndInsertDb(Object o) 位置 F:\myGitHub\ZJCredit\Sincerity\SincerityCrawler.cs:行号 69
2017-06-14 20:01:54,793 [16] ERROR Sincerity.SincerityCrawler - Sincerity.SincerityCrawler
 Sincerity.SincerityCrawlernameSystem.Net.WebException: 基础连接已经关闭: 服务器关闭了本应保持活动状态的连接。 ---> System.IO.IOException: 无法从传输连接中读取数据: 远程主机强迫关闭了一个现有的连接。。 ---> System.Net.Sockets.SocketException: 远程主机强迫关闭了一个现有的连接。
   在 System.Net.Sockets.Socket.Receive(Byte[] buffer, Int32 offset, Int32 size, SocketFlags socketFlags)
   在 System.Net.Sockets.NetworkStream.Read(Byte[] buffer, Int32 offset, Int32 size)
   --- 内部异常堆栈跟踪的结尾 ---
   在 System.Net.Sockets.NetworkStream.Read(Byte[] buffer, Int32 offset, Int32 size)
   在 System.Net.Connection.SyncRead(HttpWebRequest request, Boolean userRetrievedStream, Boolean probeRead)
   --- 内部异常堆栈跟踪的结尾 ---
   在 System.Net.HttpWebRequest.GetResponse()
   在 ZJCredit.HttpHelper.GetHtmlByPost(String url, String postDataString, IWebProxy proxy) 位置 F:\myGitHub\ZJCredit\HelpLib\HttpHelper.cs:行号 150
   在 Sincerity.SincerityCrawler.GetInfoAndInsertDb(String url, Action`2 insertDb, String tableName) 位置 F:\myGitHub\ZJCredit\Sincerity\SincerityCrawler.cs:行号 150
   在 Sincerity.SincerityCrawler.GetInfoAndInsertDb(Object o) 位置 F:\myGitHub\ZJCredit\Sincerity\SincerityCrawler.cs:行号 69
2017-06-14 20:01:54,811 [11] ERROR Sincerity.SincerityCrawler - Sincerity.SincerityCrawler
 Sincerity.SincerityCrawlernameSystem.Net.WebException: 基础连接已经关闭: 服务器关闭了本应保持活动状态的连接。 ---> System.IO.IOException: 无法从传输连接中读取数据: 远程主机强迫关闭了一个现有的连接。。 ---> System.Net.Sockets.SocketException: 远程主机强迫关闭了一个现有的连接。
   在 System.Net.Sockets.Socket.Receive(Byte[] buffer, Int32 offset, Int32 size, SocketFlags socketFlags)
   在 System.Net.Sockets.NetworkStream.Read(Byte[] buffer, Int32 offset, Int32 size)
   --- 内部异常堆栈跟踪的结尾 ---
   在 System.Net.Sockets.NetworkStream.Read(Byte[] buffer, Int32 offset, Int32 size)
   在 System.Net.Connection.SyncRead(HttpWebRequest request, Boolean userRetrievedStream, Boolean probeRead)
   --- 内部异常堆栈跟踪的结尾 ---
   在 System.Net.HttpWebRequest.GetResponse()
   在 ZJCredit.HttpHelper.GetHtmlByPost(String url, String postDataString, IWebProxy proxy) 位置 F:\myGitHub\ZJCredit\HelpLib\HttpHelper.cs:行号 150
   在 Sincerity.SincerityCrawler.GetInfoAndInsertDb(String url, Action`2 insertDb, String tableName) 位置 F:\myGitHub\ZJCredit\Sincerity\SincerityCrawler.cs:行号 150
   在 Sincerity.SincerityCrawler.GetInfoAndInsertDb(Object o) 位置 F:\myGitHub\ZJCredit\Sincerity\SincerityCrawler.cs:行号 69
2017-06-14 20:01:54,841 [11] ERROR Sincerity.SincerityCrawler - Sincerity.SincerityCrawler
 Sincerity.SincerityCrawlernameSystem.Net.WebException: 基础连接已经关闭: 服务器关闭了本应保持活动状态的连接。 ---> System.IO.IOException: 无法从传输连接中读取数据: 远程主机强迫关闭了一个现有的连接。。 ---> System.Net.Sockets.SocketException: 远程主机强迫关闭了一个现有的连接。
   在 System.Net.Sockets.Socket.Receive(Byte[] buffer, Int32 offset, Int32 size, SocketFlags socketFlags)
   在 System.Net.Sockets.NetworkStream.Read(Byte[] buffer, Int32 offset, Int32 size)
   --- 内部异常堆栈跟踪的结尾 ---
   在 System.Net.Sockets.NetworkStream.Read(Byte[] buffer, Int32 offset, Int32 size)
   在 System.Net.Connection.SyncRead(HttpWebRequest request, Boolean userRetrievedStream, Boolean probeRead)
   --- 内部异常堆栈跟踪的结尾 ---
   在 System.Net.HttpWebRequest.GetResponse()
   在 ZJCredit.HttpHelper.GetHtmlByPost(String url, String postDataString, IWebProxy proxy) 位置 F:\myGitHub\ZJCredit\HelpLib\HttpHelper.cs:行号 150
   在 Sincerity.SincerityCrawler.GetInfoAndInsertDb(String url, Action`2 insertDb, String tableName) 位置 F:\myGitHub\ZJCredit\Sincerity\SincerityCrawler.cs:行号 150
   在 Sincerity.SincerityCrawler.GetInfoAndInsertDb(Object o) 位置 F:\myGitHub\ZJCredit\Sincerity\SincerityCrawler.cs:行号 69
2017-06-14 20:01:54,852 [11] ERROR Sincerity.SincerityCrawler - Sincerity.SincerityCrawler
 Sincerity.SincerityCrawlernameSystem.Net.WebException: 基础连接已经关闭: 服务器关闭了本应保持活动状态的连接。 ---> System.IO.IOException: 无法从传输连接中读取数据: 远程主机强迫关闭了一个现有的连接。。 ---> System.Net.Sockets.SocketException: 远程主机强迫关闭了一个现有的连接。
   在 System.Net.Sockets.Socket.Receive(Byte[] buffer, Int32 offset, Int32 size, SocketFlags socketFlags)
   在 System.Net.Sockets.NetworkStream.Read(Byte[] buffer, Int32 offset, Int32 size)
   --- 内部异常堆栈跟踪的结尾 ---
   在 System.Net.Sockets.NetworkStream.Read(Byte[] buffer, Int32 offset, Int32 size)
   在 System.Net.Connection.SyncRead(HttpWebRequest request, Boolean userRetrievedStream, Boolean probeRead)
   --- 内部异常堆栈跟踪的结尾 ---
   在 System.Net.HttpWebRequest.GetResponse()
   在 ZJCredit.HttpHelper.GetHtmlByPost(String url, String postDataString, IWebProxy proxy) 位置 F:\myGitHub\ZJCredit\HelpLib\HttpHelper.cs:行号 150
   在 Sincerity.SincerityCrawler.GetInfoAndInsertDb(String url, Action`2 insertDb, String tableName) 位置 F:\myGitHub\ZJCredit\Sincerity\SincerityCrawler.cs:行号 150
   在 Sincerity.SincerityCrawler.GetInfoAndInsertDb(Object o) 位置 F:\myGitHub\ZJCredit\Sincerity\SincerityCrawler.cs:行号 69
2017-06-14 20:01:54,860 [11] ERROR Sincerity.SincerityCrawler - Sincerity.SincerityCrawler
 Sincerity.SincerityCrawlernameSystem.Net.WebException: 基础连接已经关闭: 服务器关闭了本应保持活动状态的连接。 ---> System.IO.IOException: 无法从传输连接中读取数据: 远程主机强迫关闭了一个现有的连接。。 ---> System.Net.Sockets.SocketException: 远程主机强迫关闭了一个现有的连接。
   在 System.Net.Sockets.Socket.Receive(Byte[] buffer, Int32 offset, Int32 size, SocketFlags socketFlags)
   在 System.Net.Sockets.NetworkStream.Read(Byte[] buffer, Int32 offset, Int32 size)
   --- 内部异常堆栈跟踪的结尾 ---
   在 System.Net.Sockets.NetworkStream.Read(Byte[] buffer, Int32 offset, Int32 size)
   在 System.Net.Connection.SyncRead(HttpWebRequest request, Boolean userRetrievedStream, Boolean probeRead)
   --- 内部异常堆栈跟踪的结尾 ---
   在 System.Net.HttpWebRequest.GetResponse()
   在 ZJCredit.HttpHelper.GetHtmlByPost(String url, String postDataString, IWebProxy proxy) 位置 F:\myGitHub\ZJCredit\HelpLib\HttpHelper.cs:行号 150
   在 Sincerity.SincerityCrawler.GetInfoAndInsertDb(String url, Action`2 insertDb, String tableName) 位置 F:\myGitHub\ZJCredit\Sincerity\SincerityCrawler.cs:行号 150
   在 Sincerity.SincerityCrawler.GetInfoAndInsertDb(Object o) 位置 F:\myGitHub\ZJCredit\Sincerity\SincerityCrawler.cs:行号 69
2017-06-14 20:01:54,868 [11] ERROR Sincerity.SincerityCrawler - Sincerity.SincerityCrawler
 Sincerity.SincerityCrawlernameSystem.Net.WebException: 基础连接已经关闭: 服务器关闭了本应保持活动状态的连接。 ---> System.IO.IOException: 无法从传输连接中读取数据: 远程主机强迫关闭了一个现有的连接。。 ---> System.Net.Sockets.SocketException: 远程主机强迫关闭了一个现有的连接。
   在 System.Net.Sockets.Socket.Receive(Byte[] buffer, Int32 offset, Int32 size, SocketFlags socketFlags)
   在 System.Net.Sockets.NetworkStream.Read(Byte[] buffer, Int32 offset, Int32 size)
   --- 内部异常堆栈跟踪的结尾 ---
   在 System.Net.Sockets.NetworkStream.Read(Byte[] buffer, Int32 offset, Int32 size)
   在 System.Net.Connection.SyncRead(HttpWebRequest request, Boolean userRetrievedStream, Boolean probeRead)
   --- 内部异常堆栈跟踪的结尾 ---
   在 System.Net.HttpWebRequest.GetResponse()
   在 ZJCredit.HttpHelper.GetHtmlByPost(String url, String postDataString, IWebProxy proxy) 位置 F:\myGitHub\ZJCredit\HelpLib\HttpHelper.cs:行号 150
   在 Sincerity.SincerityCrawler.GetInfoAndInsertDb(String url, Action`2 insertDb, String tableName) 位置 F:\myGitHub\ZJCredit\Sincerity\SincerityCrawler.cs:行号 150
   在 Sincerity.SincerityCrawler.GetInfoAndInsertDb(Object o) 位置 F:\myGitHub\ZJCredit\Sincerity\SincerityCrawler.cs:行号 69
2017-06-14 20:01:54,878 [11] ERROR Sincerity.SincerityCrawler - Sincerity.SincerityCrawler
 Sincerity.SincerityCrawlernameSystem.Net.WebException: 基础连接已经关闭: 服务器关闭了本应保持活动状态的连接。 ---> System.IO.IOException: 无法从传输连接中读取数据: 远程主机强迫关闭了一个现有的连接。。 ---> System.Net.Sockets.SocketException: 远程主机强迫关闭了一个现有的连接。
   在 System.Net.Sockets.Socket.Receive(Byte[] buffer, Int32 offset, Int32 size, SocketFlags socketFlags)
   在 System.Net.Sockets.NetworkStream.Read(Byte[] buffer, Int32 offset, Int32 size)
   --- 内部异常堆栈跟踪的结尾 ---
   在 System.Net.Sockets.NetworkStream.Read(Byte[] buffer, Int32 offset, Int32 size)
   在 System.Net.Connection.SyncRead(HttpWebRequest request, Boolean userRetrievedStream, Boolean probeRead)
   --- 内部异常堆栈跟踪的结尾 ---
   在 System.Net.HttpWebRequest.GetResponse()
   在 ZJCredit.HttpHelper.GetHtmlByPost(String url, String postDataString, IWebProxy proxy) 位置 F:\myGitHub\ZJCredit\HelpLib\HttpHelper.cs:行号 150
   在 Sincerity.SincerityCrawler.GetInfoAndInsertDb(String url, Action`2 insertDb, String tableName) 位置 F:\myGitHub\ZJCredit\Sincerity\SincerityCrawler.cs:行号 150
   在 Sincerity.SincerityCrawler.GetInfoAndInsertDb(Object o) 位置 F:\myGitHub\ZJCredit\Sincerity\SincerityCrawler.cs:行号 69
2017-06-14 20:01:58,810 [11] ERROR Sincerity.SincerityCrawler - Sincerity.SincerityCrawler
 Sincerity.SincerityCrawlernameSystem.Net.WebException: 无法连接到远程服务器 ---> System.Net.Sockets.SocketException: 由于目标计算机积极拒绝，无法连接。 127.0.0.1:8888
   在 System.Net.Sockets.Socket.DoConnect(EndPoint endPointSnapshot, SocketAddress socketAddress)
   在 System.Net.ServicePoint.ConnectSocketInternal(Boolean connectFailure, Socket s4, Socket s6, Socket& socket, IPAddress& address, ConnectSocketState state, IAsyncResult asyncResult, Exception& exception)
   --- 内部异常堆栈跟踪的结尾 ---
   在 System.Net.HttpWebRequest.GetRequestStream(TransportContext& context)
   在 System.Net.HttpWebRequest.GetRequestStream()
   在 ZJCredit.HttpHelper.GetHtmlByPost(String url, String postDataString, IWebProxy proxy) 位置 F:\myGitHub\ZJCredit\HelpLib\HttpHelper.cs:行号 144
   在 Sincerity.SincerityCrawler.GetInfoAndInsertDb(String url, Action`2 insertDb, String tableName) 位置 F:\myGitHub\ZJCredit\Sincerity\SincerityCrawler.cs:行号 143
   在 Sincerity.SincerityCrawler.GetInfoAndInsertDb(Object o) 位置 F:\myGitHub\ZJCredit\Sincerity\SincerityCrawler.cs:行号 69
2017-06-14 20:01:58,816 [11] ERROR Sincerity.SincerityCrawler - Sincerity.SincerityCrawler
 Sincerity.SincerityCrawlernameSystem.Net.WebException: 无法连接到远程服务器 ---> System.Net.Sockets.SocketException: 由于目标计算机积极拒绝，无法连接。 127.0.0.1:8888
   在 System.Net.Sockets.Socket.DoConnect(EndPoint endPointSnapshot, SocketAddress socketAddress)
   在 System.Net.ServicePoint.ConnectSocketInternal(Boolean connectFailure, Socket s4, Socket s6, Socket& socket, IPAddress& address, ConnectSocketState state, IAsyncResult asyncResult, Exception& exception)
   --- 内部异常堆栈跟踪的结尾 ---
   在 System.Net.HttpWebRequest.GetRequestStream(TransportContext& context)
   在 System.Net.HttpWebRequest.GetRequestStream()
   在 ZJCredit.HttpHelper.GetHtmlByPost(String url, String postDataString, IWebProxy proxy) 位置 F:\myGitHub\ZJCredit\HelpLib\HttpHelper.cs:行号 144
   在 Sincerity.SincerityCrawler.GetInfoAndInsertDb(String url, Action`2 insertDb, String tableName) 位置 F:\myGitHub\ZJCredit\Sincerity\SincerityCrawler.cs:行号 143
   在 Sincerity.SincerityCrawler.GetInfoAndInsertDb(Object o) 位置 F:\myGitHub\ZJCredit\Sincerity\SincerityCrawler.cs:行号 69
2017-06-14 20:19:30,393 [9] ERROR Sincerity.SincerityCrawler - Sincerity.SincerityCrawler
 Sincerity.SincerityCrawlernameSystem.Net.WebException: 基础连接已经关闭: 接收时发生错误。 ---> System.IO.IOException: 无法从传输连接中读取数据: 远程主机强迫关闭了一个现有的连接。。 ---> System.Net.Sockets.SocketException: 远程主机强迫关闭了一个现有的连接。
   在 System.Net.Sockets.Socket.Receive(Byte[] buffer, Int32 offset, Int32 size, SocketFlags socketFlags)
   在 System.Net.Sockets.NetworkStream.Read(Byte[] buffer, Int32 offset, Int32 size)
   --- 内部异常堆栈跟踪的结尾 ---
   在 System.Net.Sockets.NetworkStream.Read(Byte[] buffer, Int32 offset, Int32 size)
   在 System.Net.Connection.SyncRead(HttpWebRequest request, Boolean userRetrievedStream, Boolean probeRead)
   --- 内部异常堆栈跟踪的结尾 ---
   在 System.Net.HttpWebRequest.GetResponse()
   在 ZJCredit.HttpHelper.GetHtmlByPost(String url, String postDataString, IWebProxy proxy) 位置 F:\myGitHub\ZJCredit\HelpLib\HttpHelper.cs:行号 150
   在 Sincerity.SincerityCrawler.GetInfoAndInsertDb(String url, Action`2 insertDb, String tableName) 位置 F:\myGitHub\ZJCredit\Sincerity\SincerityCrawler.cs:行号 150
   在 Sincerity.SincerityCrawler.GetInfoAndInsertDb(Object o) 位置 F:\myGitHub\ZJCredit\Sincerity\SincerityCrawler.cs:行号 69
2017-06-14 20:19:30,431 [7] ERROR Sincerity.SincerityCrawler - Sincerity.SincerityCrawler
 Sincerity.SincerityCrawlernameSystem.Net.WebException: 基础连接已经关闭: 接收时发生错误。 ---> System.IO.IOException: 无法从传输连接中读取数据: 远程主机强迫关闭了一个现有的连接。。 ---> System.Net.Sockets.SocketException: 远程主机强迫关闭了一个现有的连接。
   在 System.Net.Sockets.Socket.Receive(Byte[] buffer, Int32 offset, Int32 size, SocketFlags socketFlags)
   在 System.Net.Sockets.NetworkStream.Read(Byte[] buffer, Int32 offset, Int32 size)
   --- 内部异常堆栈跟踪的结尾 ---
   在 System.Net.Sockets.NetworkStream.Read(Byte[] buffer, Int32 offset, Int32 size)
   在 System.Net.Connection.SyncRead(HttpWebRequest request, Boolean userRetrievedStream, Boolean probeRead)
   --- 内部异常堆栈跟踪的结尾 ---
   在 System.Net.HttpWebRequest.GetResponse()
   在 ZJCredit.HttpHelper.GetHtmlByPost(String url, String postDataString, IWebProxy proxy) 位置 F:\myGitHub\ZJCredit\HelpLib\HttpHelper.cs:行号 150
   在 Sincerity.SincerityCrawler.GetInfoAndInsertDb(String url, Action`2 insertDb, String tableName) 位置 F:\myGitHub\ZJCredit\Sincerity\SincerityCrawler.cs:行号 150
   在 Sincerity.SincerityCrawler.GetInfoAndInsertDb(Object o) 位置 F:\myGitHub\ZJCredit\Sincerity\SincerityCrawler.cs:行号 69
2017-06-14 20:19:30,453 [7] ERROR Sincerity.SincerityCrawler - Sincerity.SincerityCrawler
 Sincerity.SincerityCrawlernameSystem.Net.WebException: 基础连接已经关闭: 接收时发生错误。 ---> System.IO.IOException: 无法从传输连接中读取数据: 远程主机强迫关闭了一个现有的连接。。 ---> System.Net.Sockets.SocketException: 远程主机强迫关闭了一个现有的连接。
   在 System.Net.Sockets.Socket.Receive(Byte[] buffer, Int32 offset, Int32 size, SocketFlags socketFlags)
   在 System.Net.Sockets.NetworkStream.Read(Byte[] buffer, Int32 offset, Int32 size)
   --- 内部异常堆栈跟踪的结尾 ---
   在 System.Net.Sockets.NetworkStream.Read(Byte[] buffer, Int32 offset, Int32 size)
   在 System.Net.Connection.SyncRead(HttpWebRequest request, Boolean userRetrievedStream, Boolean probeRead)
   --- 内部异常堆栈跟踪的结尾 ---
   在 System.Net.HttpWebRequest.GetResponse()
   在 ZJCredit.HttpHelper.GetHtmlByPost(String url, String postDataString, IWebProxy proxy) 位置 F:\myGitHub\ZJCredit\HelpLib\HttpHelper.cs:行号 150
   在 Sincerity.SincerityCrawler.GetInfoAndInsertDb(String url, Action`2 insertDb, String tableName) 位置 F:\myGitHub\ZJCredit\Sincerity\SincerityCrawler.cs:行号 150
   在 Sincerity.SincerityCrawler.GetInfoAndInsertDb(Object o) 位置 F:\myGitHub\ZJCredit\Sincerity\SincerityCrawler.cs:行号 69
2017-06-14 20:19:30,506 [7] ERROR Sincerity.SincerityCrawler - Sincerity.SincerityCrawler
 Sincerity.SincerityCrawlernameSystem.Net.WebException: 基础连接已经关闭: 接收时发生错误。 ---> System.IO.IOException: 无法从传输连接中读取数据: 远程主机强迫关闭了一个现有的连接。。 ---> System.Net.Sockets.SocketException: 远程主机强迫关闭了一个现有的连接。
   在 System.Net.Sockets.Socket.Receive(Byte[] buffer, Int32 offset, Int32 size, SocketFlags socketFlags)
   在 System.Net.Sockets.NetworkStream.Read(Byte[] buffer, Int32 offset, Int32 size)
   --- 内部异常堆栈跟踪的结尾 ---
   在 System.Net.Sockets.NetworkStream.Read(Byte[] buffer, Int32 offset, Int32 size)
   在 System.Net.Connection.SyncRead(HttpWebRequest request, Boolean userRetrievedStream, Boolean probeRead)
   --- 内部异常堆栈跟踪的结尾 ---
   在 System.Net.HttpWebRequest.GetResponse()
   在 ZJCredit.HttpHelper.GetHtmlByPost(String url, String postDataString, IWebProxy proxy) 位置 F:\myGitHub\ZJCredit\HelpLib\HttpHelper.cs:行号 150
   在 Sincerity.SincerityCrawler.GetInfoAndInsertDb(String url, Action`2 insertDb, String tableName) 位置 F:\myGitHub\ZJCredit\Sincerity\SincerityCrawler.cs:行号 150
   在 Sincerity.SincerityCrawler.GetInfoAndInsertDb(Object o) 位置 F:\myGitHub\ZJCredit\Sincerity\SincerityCrawler.cs:行号 69
2017-06-14 20:19:30,513 [7] ERROR Sincerity.SincerityCrawler - Sincerity.SincerityCrawler
 Sincerity.SincerityCrawlernameSystem.Net.WebException: 基础连接已经关闭: 接收时发生错误。 ---> System.IO.IOException: 无法从传输连接中读取数据: 远程主机强迫关闭了一个现有的连接。。 ---> System.Net.Sockets.SocketException: 远程主机强迫关闭了一个现有的连接。
   在 System.Net.Sockets.Socket.Receive(Byte[] buffer, Int32 offset, Int32 size, SocketFlags socketFlags)
   在 System.Net.Sockets.NetworkStream.Read(Byte[] buffer, Int32 offset, Int32 size)
   --- 内部异常堆栈跟踪的结尾 ---
   在 System.Net.Sockets.NetworkStream.Read(Byte[] buffer, Int32 offset, Int32 size)
   在 System.Net.Connection.SyncRead(HttpWebRequest request, Boolean userRetrievedStream, Boolean probeRead)
   --- 内部异常堆栈跟踪的结尾 ---
   在 System.Net.HttpWebRequest.GetResponse()
   在 ZJCredit.HttpHelper.GetHtmlByPost(String url, String postDataString, IWebProxy proxy) 位置 F:\myGitHub\ZJCredit\HelpLib\HttpHelper.cs:行号 150
   在 Sincerity.SincerityCrawler.GetInfoAndInsertDb(String url, Action`2 insertDb, String tableName) 位置 F:\myGitHub\ZJCredit\Sincerity\SincerityCrawler.cs:行号 150
   在 Sincerity.SincerityCrawler.GetInfoAndInsertDb(Object o) 位置 F:\myGitHub\ZJCredit\Sincerity\SincerityCrawler.cs:行号 69
2017-06-14 20:58:51,170 [8] ERROR Sincerity.SincerityCrawler - Sincerity.SincerityCrawler
 Sincerity.SincerityCrawlernameSystem.Net.WebException: 基础连接已经关闭: 接收时发生错误。 ---> System.IO.IOException: 无法从传输连接中读取数据: 远程主机强迫关闭了一个现有的连接。。 ---> System.Net.Sockets.SocketException: 远程主机强迫关闭了一个现有的连接。
   在 System.Net.Sockets.Socket.Receive(Byte[] buffer, Int32 offset, Int32 size, SocketFlags socketFlags)
   在 System.Net.Sockets.NetworkStream.Read(Byte[] buffer, Int32 offset, Int32 size)
   --- 内部异常堆栈跟踪的结尾 ---
   在 System.Net.Sockets.NetworkStream.Read(Byte[] buffer, Int32 offset, Int32 size)
   在 System.Net.Connection.SyncRead(HttpWebRequest request, Boolean userRetrievedStream, Boolean probeRead)
   --- 内部异常堆栈跟踪的结尾 ---
   在 System.Net.HttpWebRequest.GetResponse()
   在 ZJCredit.HttpHelper.GetHtmlByPost(String url, String postDataString, IWebProxy proxy) 位置 F:\myGitHub\ZJCredit\HelpLib\HttpHelper.cs:行号 150
   在 Sincerity.SincerityCrawler.GetInfoAndInsertDb(String url, Action`2 insertDb, String tableName) 位置 F:\myGitHub\ZJCredit\Sincerity\SincerityCrawler.cs:行号 150
   在 Sincerity.SincerityCrawler.GetInfoAndInsertDb(Object o) 位置 F:\myGitHub\ZJCredit\Sincerity\SincerityCrawler.cs:行号 69
2017-06-14 20:58:51,202 [8] ERROR Sincerity.SincerityCrawler - Sincerity.SincerityCrawler
 Sincerity.SincerityCrawlernameSystem.Net.WebException: 基础连接已经关闭: 接收时发生错误。 ---> System.IO.IOException: 无法从传输连接中读取数据: 远程主机强迫关闭了一个现有的连接。。 ---> System.Net.Sockets.SocketException: 远程主机强迫关闭了一个现有的连接。
   在 System.Net.Sockets.Socket.Receive(Byte[] buffer, Int32 offset, Int32 size, SocketFlags socketFlags)
   在 System.Net.Sockets.NetworkStream.Read(Byte[] buffer, Int32 offset, Int32 size)
   --- 内部异常堆栈跟踪的结尾 ---
   在 System.Net.Sockets.NetworkStream.Read(Byte[] buffer, Int32 offset, Int32 size)
   在 System.Net.Connection.SyncRead(HttpWebRequest request, Boolean userRetrievedStream, Boolean probeRead)
   --- 内部异常堆栈跟踪的结尾 ---
   在 System.Net.HttpWebRequest.GetResponse()
   在 ZJCredit.HttpHelper.GetHtmlByPost(String url, String postDataString, IWebProxy proxy) 位置 F:\myGitHub\ZJCredit\HelpLib\HttpHelper.cs:行号 150
   在 Sincerity.SincerityCrawler.GetInfoAndInsertDb(String url, Action`2 insertDb, String tableName) 位置 F:\myGitHub\ZJCredit\Sincerity\SincerityCrawler.cs:行号 150
   在 Sincerity.SincerityCrawler.GetInfoAndInsertDb(Object o) 位置 F:\myGitHub\ZJCredit\Sincerity\SincerityCrawler.cs:行号 69
2017-06-14 20:58:51,219 [8] ERROR Sincerity.SincerityCrawler - Sincerity.SincerityCrawler
 Sincerity.SincerityCrawlernameSystem.Net.WebException: 基础连接已经关闭: 接收时发生错误。 ---> System.IO.IOException: 无法从传输连接中读取数据: 远程主机强迫关闭了一个现有的连接。。 ---> System.Net.Sockets.SocketException: 远程主机强迫关闭了一个现有的连接。
   在 System.Net.Sockets.Socket.Receive(Byte[] buffer, Int32 offset, Int32 size, SocketFlags socketFlags)
   在 System.Net.Sockets.NetworkStream.Read(Byte[] buffer, Int32 offset, Int32 size)
   --- 内部异常堆栈跟踪的结尾 ---
   在 System.Net.Sockets.NetworkStream.Read(Byte[] buffer, Int32 offset, Int32 size)
   在 System.Net.Connection.SyncRead(HttpWebRequest request, Boolean userRetrievedStream, Boolean probeRead)
   --- 内部异常堆栈跟踪的结尾 ---
   在 System.Net.HttpWebRequest.GetResponse()
   在 ZJCredit.HttpHelper.GetHtmlByPost(String url, String postDataString, IWebProxy proxy) 位置 F:\myGitHub\ZJCredit\HelpLib\HttpHelper.cs:行号 150
   在 Sincerity.SincerityCrawler.GetInfoAndInsertDb(String url, Action`2 insertDb, String tableName) 位置 F:\myGitHub\ZJCredit\Sincerity\SincerityCrawler.cs:行号 150
   在 Sincerity.SincerityCrawler.GetInfoAndInsertDb(Object o) 位置 F:\myGitHub\ZJCredit\Sincerity\SincerityCrawler.cs:行号 69
2017-06-14 20:58:51,236 [8] ERROR Sincerity.SincerityCrawler - Sincerity.SincerityCrawler
 Sincerity.SincerityCrawlernameSystem.Net.WebException: 基础连接已经关闭: 接收时发生错误。 ---> System.IO.IOException: 无法从传输连接中读取数据: 远程主机强迫关闭了一个现有的连接。。 ---> System.Net.Sockets.SocketException: 远程主机强迫关闭了一个现有的连接。
   在 System.Net.Sockets.Socket.Receive(Byte[] buffer, Int32 offset, Int32 size, SocketFlags socketFlags)
   在 System.Net.Sockets.NetworkStream.Read(Byte[] buffer, Int32 offset, Int32 size)
   --- 内部异常堆栈跟踪的结尾 ---
   在 System.Net.Sockets.NetworkStream.Read(Byte[] buffer, Int32 offset, Int32 size)
   在 System.Net.Connection.SyncRead(HttpWebRequest request, Boolean userRetrievedStream, Boolean probeRead)
   --- 内部异常堆栈跟踪的结尾 ---
   在 System.Net.HttpWebRequest.GetResponse()
   在 ZJCredit.HttpHelper.GetHtmlByPost(String url, String postDataString, IWebProxy proxy) 位置 F:\myGitHub\ZJCredit\HelpLib\HttpHelper.cs:行号 150
   在 Sincerity.SincerityCrawler.GetInfoAndInsertDb(String url, Action`2 insertDb, String tableName) 位置 F:\myGitHub\ZJCredit\Sincerity\SincerityCrawler.cs:行号 150
   在 Sincerity.SincerityCrawler.GetInfoAndInsertDb(Object o) 位置 F:\myGitHub\ZJCredit\Sincerity\SincerityCrawler.cs:行号 69
2017-06-14 20:58:51,245 [8] ERROR Sincerity.SincerityCrawler - Sincerity.SincerityCrawler
 Sincerity.SincerityCrawlernameSystem.Net.WebException: 基础连接已经关闭: 接收时发生错误。 ---> System.IO.IOException: 无法从传输连接中读取数据: 远程主机强迫关闭了一个现有的连接。。 ---> System.Net.Sockets.SocketException: 远程主机强迫关闭了一个现有的连接。
   在 System.Net.Sockets.Socket.Receive(Byte[] buffer, Int32 offset, Int32 size, SocketFlags socketFlags)
   在 System.Net.Sockets.NetworkStream.Read(Byte[] buffer, Int32 offset, Int32 size)
   --- 内部异常堆栈跟踪的结尾 ---
   在 System.Net.Sockets.NetworkStream.Read(Byte[] buffer, Int32 offset, Int32 size)
   在 System.Net.Connection.SyncRead(HttpWebRequest request, Boolean userRetrievedStream, Boolean probeRead)
   --- 内部异常堆栈跟踪的结尾 ---
   在 System.Net.HttpWebRequest.GetResponse()
   在 ZJCredit.HttpHelper.GetHtmlByPost(String url, String postDataString, IWebProxy proxy) 位置 F:\myGitHub\ZJCredit\HelpLib\HttpHelper.cs:行号 150
   在 Sincerity.SincerityCrawler.GetInfoAndInsertDb(String url, Action`2 insertDb, String tableName) 位置 F:\myGitHub\ZJCredit\Sincerity\SincerityCrawler.cs:行号 150
   在 Sincerity.SincerityCrawler.GetInfoAndInsertDb(Object o) 位置 F:\myGitHub\ZJCredit\Sincerity\SincerityCrawler.cs:行号 69
2017-06-14 20:58:51,254 [8] ERROR Sincerity.SincerityCrawler - Sincerity.SincerityCrawler
 Sincerity.SincerityCrawlernameSystem.Net.WebException: 基础连接已经关闭: 接收时发生错误。 ---> System.IO.IOException: 无法从传输连接中读取数据: 远程主机强迫关闭了一个现有的连接。。 ---> System.Net.Sockets.SocketException: 远程主机强迫关闭了一个现有的连接。
   在 System.Net.Sockets.Socket.Receive(Byte[] buffer, Int32 offset, Int32 size, SocketFlags socketFlags)
   在 System.Net.Sockets.NetworkStream.Read(Byte[] buffer, Int32 offset, Int32 size)
   --- 内部异常堆栈跟踪的结尾 ---
   在 System.Net.Sockets.NetworkStream.Read(Byte[] buffer, Int32 offset, Int32 size)
   在 System.Net.Connection.SyncRead(HttpWebRequest request, Boolean userRetrievedStream, Boolean probeRead)
   --- 内部异常堆栈跟踪的结尾 ---
   在 System.Net.HttpWebRequest.GetResponse()
   在 ZJCredit.HttpHelper.GetHtmlByPost(String url, String postDataString, IWebProxy proxy) 位置 F:\myGitHub\ZJCredit\HelpLib\HttpHelper.cs:行号 150
   在 Sincerity.SincerityCrawler.GetInfoAndInsertDb(String url, Action`2 insertDb, String tableName) 位置 F:\myGitHub\ZJCredit\Sincerity\SincerityCrawler.cs:行号 150
   在 Sincerity.SincerityCrawler.GetInfoAndInsertDb(Object o) 位置 F:\myGitHub\ZJCredit\Sincerity\SincerityCrawler.cs:行号 69
2017-06-14 20:58:51,262 [8] ERROR Sincerity.SincerityCrawler - Sincerity.SincerityCrawler
 Sincerity.SincerityCrawlernameSystem.Net.WebException: 基础连接已经关闭: 接收时发生错误。 ---> System.IO.IOException: 无法从传输连接中读取数据: 远程主机强迫关闭了一个现有的连接。。 ---> System.Net.Sockets.SocketException: 远程主机强迫关闭了一个现有的连接。
   在 System.Net.Sockets.Socket.Receive(Byte[] buffer, Int32 offset, Int32 size, SocketFlags socketFlags)
   在 System.Net.Sockets.NetworkStream.Read(Byte[] buffer, Int32 offset, Int32 size)
   --- 内部异常堆栈跟踪的结尾 ---
   在 System.Net.Sockets.NetworkStream.Read(Byte[] buffer, Int32 offset, Int32 size)
   在 System.Net.Connection.SyncRead(HttpWebRequest request, Boolean userRetrievedStream, Boolean probeRead)
   --- 内部异常堆栈跟踪的结尾 ---
   在 System.Net.HttpWebRequest.GetResponse()
   在 ZJCredit.HttpHelper.GetHtmlByPost(String url, String postDataString, IWebProxy proxy) 位置 F:\myGitHub\ZJCredit\HelpLib\HttpHelper.cs:行号 150
   在 Sincerity.SincerityCrawler.GetInfoAndInsertDb(String url, Action`2 insertDb, String tableName) 位置 F:\myGitHub\ZJCredit\Sincerity\SincerityCrawler.cs:行号 150
   在 Sincerity.SincerityCrawler.GetInfoAndInsertDb(Object o) 位置 F:\myGitHub\ZJCredit\Sincerity\SincerityCrawler.cs:行号 69
2017-06-14 20:58:51,270 [8] ERROR Sincerity.SincerityCrawler - Sincerity.SincerityCrawler
 Sincerity.SincerityCrawlernameSystem.Net.WebException: 基础连接已经关闭: 接收时发生错误。 ---> System.IO.IOException: 无法从传输连接中读取数据: 远程主机强迫关闭了一个现有的连接。。 ---> System.Net.Sockets.SocketException: 远程主机强迫关闭了一个现有的连接。
   在 System.Net.Sockets.Socket.Receive(Byte[] buffer, Int32 offset, Int32 size, SocketFlags socketFlags)
   在 System.Net.Sockets.NetworkStream.Read(Byte[] buffer, Int32 offset, Int32 size)
   --- 内部异常堆栈跟踪的结尾 ---
   在 System.Net.Sockets.NetworkStream.Read(Byte[] buffer, Int32 offset, Int32 size)
   在 System.Net.Connection.SyncRead(HttpWebRequest request, Boolean userRetrievedStream, Boolean probeRead)
   --- 内部异常堆栈跟踪的结尾 ---
   在 System.Net.HttpWebRequest.GetResponse()
   在 ZJCredit.HttpHelper.GetHtmlByPost(String url, String postDataString, IWebProxy proxy) 位置 F:\myGitHub\ZJCredit\HelpLib\HttpHelper.cs:行号 150
   在 Sincerity.SincerityCrawler.GetInfoAndInsertDb(String url, Action`2 insertDb, String tableName) 位置 F:\myGitHub\ZJCredit\Sincerity\SincerityCrawler.cs:行号 150
   在 Sincerity.SincerityCrawler.GetInfoAndInsertDb(Object o) 位置 F:\myGitHub\ZJCredit\Sincerity\SincerityCrawler.cs:行号 69
2017-06-14 20:58:51,278 [8] ERROR Sincerity.SincerityCrawler - Sincerity.SincerityCrawler
 Sincerity.SincerityCrawlernameSystem.Net.WebException: 基础连接已经关闭: 接收时发生错误。 ---> System.IO.IOException: 无法从传输连接中读取数据: 远程主机强迫关闭了一个现有的连接。。 ---> System.Net.Sockets.SocketException: 远程主机强迫关闭了一个现有的连接。
   在 System.Net.Sockets.Socket.Receive(Byte[] buffer, Int32 offset, Int32 size, SocketFlags socketFlags)
   在 System.Net.Sockets.NetworkStream.Read(Byte[] buffer, Int32 offset, Int32 size)
   --- 内部异常堆栈跟踪的结尾 ---
   在 System.Net.Sockets.NetworkStream.Read(Byte[] buffer, Int32 offset, Int32 size)
   在 System.Net.Connection.SyncRead(HttpWebRequest request, Boolean userRetrievedStream, Boolean probeRead)
   --- 内部异常堆栈跟踪的结尾 ---
   在 System.Net.HttpWebRequest.GetResponse()
   在 ZJCredit.HttpHelper.GetHtmlByPost(String url, String postDataString, IWebProxy proxy) 位置 F:\myGitHub\ZJCredit\HelpLib\HttpHelper.cs:行号 150
   在 Sincerity.SincerityCrawler.GetInfoAndInsertDb(String url, Action`2 insertDb, String tableName) 位置 F:\myGitHub\ZJCredit\Sincerity\SincerityCrawler.cs:行号 150
   在 Sincerity.SincerityCrawler.GetInfoAndInsertDb(Object o) 位置 F:\myGitHub\ZJCredit\Sincerity\SincerityCrawler.cs:行号 69
2017-06-14 20:58:51,287 [8] ERROR Sincerity.SincerityCrawler - Sincerity.SincerityCrawler
 Sincerity.SincerityCrawlernameSystem.Net.WebException: 基础连接已经关闭: 接收时发生错误。 ---> System.IO.IOException: 无法从传输连接中读取数据: 远程主机强迫关闭了一个现有的连接。。 ---> System.Net.Sockets.SocketException: 远程主机强迫关闭了一个现有的连接。
   在 System.Net.Sockets.Socket.Receive(Byte[] buffer, Int32 offset, Int32 size, SocketFlags socketFlags)
   在 System.Net.Sockets.NetworkStream.Read(Byte[] buffer, Int32 offset, Int32 size)
   --- 内部异常堆栈跟踪的结尾 ---
   在 System.Net.Sockets.NetworkStream.Read(Byte[] buffer, Int32 offset, Int32 size)
   在 System.Net.Connection.SyncRead(HttpWebRequest request, Boolean userRetrievedStream, Boolean probeRead)
   --- 内部异常堆栈跟踪的结尾 ---
   在 System.Net.HttpWebRequest.GetResponse()
   在 ZJCredit.HttpHelper.GetHtmlByPost(String url, String postDataString, IWebProxy proxy) 位置 F:\myGitHub\ZJCredit\HelpLib\HttpHelper.cs:行号 150
   在 Sincerity.SincerityCrawler.GetInfoAndInsertDb(String url, Action`2 insertDb, String tableName) 位置 F:\myGitHub\ZJCredit\Sincerity\SincerityCrawler.cs:行号 150
   在 Sincerity.SincerityCrawler.GetInfoAndInsertDb(Object o) 位置 F:\myGitHub\ZJCredit\Sincerity\SincerityCrawler.cs:行号 69
2017-06-14 20:58:51,295 [8] ERROR Sincerity.SincerityCrawler - Sincerity.SincerityCrawler
 Sincerity.SincerityCrawlernameSystem.Net.WebException: 基础连接已经关闭: 接收时发生错误。 ---> System.IO.IOException: 无法从传输连接中读取数据: 远程主机强迫关闭了一个现有的连接。。 ---> System.Net.Sockets.SocketException: 远程主机强迫关闭了一个现有的连接。
   在 System.Net.Sockets.Socket.Receive(Byte[] buffer, Int32 offset, Int32 size, SocketFlags socketFlags)
   在 System.Net.Sockets.NetworkStream.Read(Byte[] buffer, Int32 offset, Int32 size)
   --- 内部异常堆栈跟踪的结尾 ---
   在 System.Net.Sockets.NetworkStream.Read(Byte[] buffer, Int32 offset, Int32 size)
   在 System.Net.Connection.SyncRead(HttpWebRequest request, Boolean userRetrievedStream, Boolean probeRead)
   --- 内部异常堆栈跟踪的结尾 ---
   在 System.Net.HttpWebRequest.GetResponse()
   在 ZJCredit.HttpHelper.GetHtmlByPost(String url, String postDataString, IWebProxy proxy) 位置 F:\myGitHub\ZJCredit\HelpLib\HttpHelper.cs:行号 150
   在 Sincerity.SincerityCrawler.GetInfoAndInsertDb(String url, Action`2 insertDb, String tableName) 位置 F:\myGitHub\ZJCredit\Sincerity\SincerityCrawler.cs:行号 150
   在 Sincerity.SincerityCrawler.GetInfoAndInsertDb(Object o) 位置 F:\myGitHub\ZJCredit\Sincerity\SincerityCrawler.cs:行号 69
2017-06-14 20:58:51,303 [8] ERROR Sincerity.SincerityCrawler - Sincerity.SincerityCrawler
 Sincerity.SincerityCrawlernameSystem.Net.WebException: 基础连接已经关闭: 接收时发生错误。 ---> System.IO.IOException: 无法从传输连接中读取数据: 远程主机强迫关闭了一个现有的连接。。 ---> System.Net.Sockets.SocketException: 远程主机强迫关闭了一个现有的连接。
   在 System.Net.Sockets.Socket.Receive(Byte[] buffer, Int32 offset, Int32 size, SocketFlags socketFlags)
   在 System.Net.Sockets.NetworkStream.Read(Byte[] buffer, Int32 offset, Int32 size)
   --- 内部异常堆栈跟踪的结尾 ---
   在 System.Net.Sockets.NetworkStream.Read(Byte[] buffer, Int32 offset, Int32 size)
   在 System.Net.Connection.SyncRead(HttpWebRequest request, Boolean userRetrievedStream, Boolean probeRead)
   --- 内部异常堆栈跟踪的结尾 ---
   在 System.Net.HttpWebRequest.GetResponse()
   在 ZJCredit.HttpHelper.GetHtmlByPost(String url, String postDataString, IWebProxy proxy) 位置 F:\myGitHub\ZJCredit\HelpLib\HttpHelper.cs:行号 150
   在 Sincerity.SincerityCrawler.GetInfoAndInsertDb(String url, Action`2 insertDb, String tableName) 位置 F:\myGitHub\ZJCredit\Sincerity\SincerityCrawler.cs:行号 150
   在 Sincerity.SincerityCrawler.GetInfoAndInsertDb(Object o) 位置 F:\myGitHub\ZJCredit\Sincerity\SincerityCrawler.cs:行号 69
2017-06-14 20:58:51,310 [8] ERROR Sincerity.SincerityCrawler - Sincerity.SincerityCrawler
 Sincerity.SincerityCrawlernameSystem.Net.WebException: 基础连接已经关闭: 接收时发生错误。 ---> System.IO.IOException: 无法从传输连接中读取数据: 远程主机强迫关闭了一个现有的连接。。 ---> System.Net.Sockets.SocketException: 远程主机强迫关闭了一个现有的连接。
   在 System.Net.Sockets.Socket.Receive(Byte[] buffer, Int32 offset, Int32 size, SocketFlags socketFlags)
   在 System.Net.Sockets.NetworkStream.Read(Byte[] buffer, Int32 offset, Int32 size)
   --- 内部异常堆栈跟踪的结尾 ---
   在 System.Net.Sockets.NetworkStream.Read(Byte[] buffer, Int32 offset, Int32 size)
   在 System.Net.Connection.SyncRead(HttpWebRequest request, Boolean userRetrievedStream, Boolean probeRead)
   --- 内部异常堆栈跟踪的结尾 ---
   在 System.Net.HttpWebRequest.GetResponse()
   在 ZJCredit.HttpHelper.GetHtmlByPost(String url, String postDataString, IWebProxy proxy) 位置 F:\myGitHub\ZJCredit\HelpLib\HttpHelper.cs:行号 150
   在 Sincerity.SincerityCrawler.GetInfoAndInsertDb(String url, Action`2 insertDb, String tableName) 位置 F:\myGitHub\ZJCredit\Sincerity\SincerityCrawler.cs:行号 150
   在 Sincerity.SincerityCrawler.GetInfoAndInsertDb(Object o) 位置 F:\myGitHub\ZJCredit\Sincerity\SincerityCrawler.cs:行号 69
2017-06-14 20:58:51,318 [8] ERROR Sincerity.SincerityCrawler - Sincerity.SincerityCrawler
 Sincerity.SincerityCrawlernameSystem.Net.WebException: 基础连接已经关闭: 接收时发生错误。 ---> System.IO.IOException: 无法从传输连接中读取数据: 远程主机强迫关闭了一个现有的连接。。 ---> System.Net.Sockets.SocketException: 远程主机强迫关闭了一个现有的连接。
   在 System.Net.Sockets.Socket.Receive(Byte[] buffer, Int32 offset, Int32 size, SocketFlags socketFlags)
   在 System.Net.Sockets.NetworkStream.Read(Byte[] buffer, Int32 offset, Int32 size)
   --- 内部异常堆栈跟踪的结尾 ---
   在 System.Net.Sockets.NetworkStream.Read(Byte[] buffer, Int32 offset, Int32 size)
   在 System.Net.Connection.SyncRead(HttpWebRequest request, Boolean userRetrievedStream, Boolean probeRead)
   --- 内部异常堆栈跟踪的结尾 ---
   在 System.Net.HttpWebRequest.GetResponse()
   在 ZJCredit.HttpHelper.GetHtmlByPost(String url, String postDataString, IWebProxy proxy) 位置 F:\myGitHub\ZJCredit\HelpLib\HttpHelper.cs:行号 150
   在 Sincerity.SincerityCrawler.GetInfoAndInsertDb(String url, Action`2 insertDb, String tableName) 位置 F:\myGitHub\ZJCredit\Sincerity\SincerityCrawler.cs:行号 150
   在 Sincerity.SincerityCrawler.GetInfoAndInsertDb(Object o) 位置 F:\myGitHub\ZJCredit\Sincerity\SincerityCrawler.cs:行号 69
2017-06-14 20:58:51,326 [8] ERROR Sincerity.SincerityCrawler - Sincerity.SincerityCrawler
 Sincerity.SincerityCrawlernameSystem.Net.WebException: 基础连接已经关闭: 接收时发生错误。 ---> System.IO.IOException: 无法从传输连接中读取数据: 远程主机强迫关闭了一个现有的连接。。 ---> System.Net.Sockets.SocketException: 远程主机强迫关闭了一个现有的连接。
   在 System.Net.Sockets.Socket.Receive(Byte[] buffer, Int32 offset, Int32 size, SocketFlags socketFlags)
   在 System.Net.Sockets.NetworkStream.Read(Byte[] buffer, Int32 offset, Int32 size)
   --- 内部异常堆栈跟踪的结尾 ---
   在 System.Net.Sockets.NetworkStream.Read(Byte[] buffer, Int32 offset, Int32 size)
   在 System.Net.Connection.SyncRead(HttpWebRequest request, Boolean userRetrievedStream, Boolean probeRead)
   --- 内部异常堆栈跟踪的结尾 ---
   在 System.Net.HttpWebRequest.GetResponse()
   在 ZJCredit.HttpHelper.GetHtmlByPost(String url, String postDataString, IWebProxy proxy) 位置 F:\myGitHub\ZJCredit\HelpLib\HttpHelper.cs:行号 150
   在 Sincerity.SincerityCrawler.GetInfoAndInsertDb(String url, Action`2 insertDb, String tableName) 位置 F:\myGitHub\ZJCredit\Sincerity\SincerityCrawler.cs:行号 150
   在 Sincerity.SincerityCrawler.GetInfoAndInsertDb(Object o) 位置 F:\myGitHub\ZJCredit\Sincerity\SincerityCrawler.cs:行号 69
2017-06-14 20:58:51,334 [8] ERROR Sincerity.SincerityCrawler - Sincerity.SincerityCrawler
 Sincerity.SincerityCrawlernameSystem.Net.WebException: 基础连接已经关闭: 接收时发生错误。 ---> System.IO.IOException: 无法从传输连接中读取数据: 远程主机强迫关闭了一个现有的连接。。 ---> System.Net.Sockets.SocketException: 远程主机强迫关闭了一个现有的连接。
   在 System.Net.Sockets.Socket.Receive(Byte[] buffer, Int32 offset, Int32 size, SocketFlags socketFlags)
   在 System.Net.Sockets.NetworkStream.Read(Byte[] buffer, Int32 offset, Int32 size)
   --- 内部异常堆栈跟踪的结尾 ---
   在 System.Net.Sockets.NetworkStream.Read(Byte[] buffer, Int32 offset, Int32 size)
   在 System.Net.Connection.SyncRead(HttpWebRequest request, Boolean userRetrievedStream, Boolean probeRead)
   --- 内部异常堆栈跟踪的结尾 ---
   在 System.Net.HttpWebRequest.GetResponse()
   在 ZJCredit.HttpHelper.GetHtmlByPost(String url, String postDataString, IWebProxy proxy) 位置 F:\myGitHub\ZJCredit\HelpLib\HttpHelper.cs:行号 150
   在 Sincerity.SincerityCrawler.GetInfoAndInsertDb(String url, Action`2 insertDb, String tableName) 位置 F:\myGitHub\ZJCredit\Sincerity\SincerityCrawler.cs:行号 150
   在 Sincerity.SincerityCrawler.GetInfoAndInsertDb(Object o) 位置 F:\myGitHub\ZJCredit\Sincerity\SincerityCrawler.cs:行号 69
2017-06-14 20:58:51,343 [8] ERROR Sincerity.SincerityCrawler - Sincerity.SincerityCrawler
 Sincerity.SincerityCrawlernameSystem.Net.WebException: 基础连接已经关闭: 接收时发生错误。 ---> System.IO.IOException: 无法从传输连接中读取数据: 远程主机强迫关闭了一个现有的连接。。 ---> System.Net.Sockets.SocketException: 远程主机强迫关闭了一个现有的连接。
   在 System.Net.Sockets.Socket.Receive(Byte[] buffer, Int32 offset, Int32 size, SocketFlags socketFlags)
   在 System.Net.Sockets.NetworkStream.Read(Byte[] buffer, Int32 offset, Int32 size)
   --- 内部异常堆栈跟踪的结尾 ---
   在 System.Net.Sockets.NetworkStream.Read(Byte[] buffer, Int32 offset, Int32 size)
   在 System.Net.Connection.SyncRead(HttpWebRequest request, Boolean userRetrievedStream, Boolean probeRead)
   --- 内部异常堆栈跟踪的结尾 ---
   在 System.Net.HttpWebRequest.GetResponse()
   在 ZJCredit.HttpHelper.GetHtmlByPost(String url, String postDataString, IWebProxy proxy) 位置 F:\myGitHub\ZJCredit\HelpLib\HttpHelper.cs:行号 150
   在 Sincerity.SincerityCrawler.GetInfoAndInsertDb(String url, Action`2 insertDb, String tableName) 位置 F:\myGitHub\ZJCredit\Sincerity\SincerityCrawler.cs:行号 150
   在 Sincerity.SincerityCrawler.GetInfoAndInsertDb(Object o) 位置 F:\myGitHub\ZJCredit\Sincerity\SincerityCrawler.cs:行号 69
2017-06-14 20:58:51,350 [8] ERROR Sincerity.SincerityCrawler - Sincerity.SincerityCrawler
 Sincerity.SincerityCrawlernameSystem.Net.WebException: 基础连接已经关闭: 接收时发生错误。 ---> System.IO.IOException: 无法从传输连接中读取数据: 远程主机强迫关闭了一个现有的连接。。 ---> System.Net.Sockets.SocketException: 远程主机强迫关闭了一个现有的连接。
   在 System.Net.Sockets.Socket.Receive(Byte[] buffer, Int32 offset, Int32 size, SocketFlags socketFlags)
   在 System.Net.Sockets.NetworkStream.Read(Byte[] buffer, Int32 offset, Int32 size)
   --- 内部异常堆栈跟踪的结尾 ---
   在 System.Net.Sockets.NetworkStream.Read(Byte[] buffer, Int32 offset, Int32 size)
   在 System.Net.Connection.SyncRead(HttpWebRequest request, Boolean userRetrievedStream, Boolean probeRead)
   --- 内部异常堆栈跟踪的结尾 ---
   在 System.Net.HttpWebRequest.GetResponse()
   在 ZJCredit.HttpHelper.GetHtmlByPost(String url, String postDataString, IWebProxy proxy) 位置 F:\myGitHub\ZJCredit\HelpLib\HttpHelper.cs:行号 150
   在 Sincerity.SincerityCrawler.GetInfoAndInsertDb(String url, Action`2 insertDb, String tableName) 位置 F:\myGitHub\ZJCredit\Sincerity\SincerityCrawler.cs:行号 150
   在 Sincerity.SincerityCrawler.GetInfoAndInsertDb(Object o) 位置 F:\myGitHub\ZJCredit\Sincerity\SincerityCrawler.cs:行号 69
2017-06-14 20:58:51,965 [10] ERROR Sincerity.SincerityCrawler - Sincerity.SincerityCrawler
 Sincerity.SincerityCrawlernameSystem.Net.WebException: 基础连接已经关闭: 接收时发生错误。 ---> System.IO.IOException: 无法从传输连接中读取数据: 远程主机强迫关闭了一个现有的连接。。 ---> System.Net.Sockets.SocketException: 远程主机强迫关闭了一个现有的连接。
   在 System.Net.Sockets.Socket.Receive(Byte[] buffer, Int32 offset, Int32 size, SocketFlags socketFlags)
   在 System.Net.Sockets.NetworkStream.Read(Byte[] buffer, Int32 offset, Int32 size)
   --- 内部异常堆栈跟踪的结尾 ---
   在 System.Net.Sockets.NetworkStream.Read(Byte[] buffer, Int32 offset, Int32 size)
   在 System.Net.Connection.SyncRead(HttpWebRequest request, Boolean userRetrievedStream, Boolean probeRead)
   --- 内部异常堆栈跟踪的结尾 ---
   在 System.Net.HttpWebRequest.GetResponse()
   在 ZJCredit.HttpHelper.GetHtmlByPost(String url, String postDataString, IWebProxy proxy) 位置 F:\myGitHub\ZJCredit\HelpLib\HttpHelper.cs:行号 150
   在 Sincerity.SincerityCrawler.GetInfoAndInsertDb(String url, Action`2 insertDb, String tableName) 位置 F:\myGitHub\ZJCredit\Sincerity\SincerityCrawler.cs:行号 150
   在 Sincerity.SincerityCrawler.GetInfoAndInsertDb(Object o) 位置 F:\myGitHub\ZJCredit\Sincerity\SincerityCrawler.cs:行号 69
2017-06-14 20:58:51,997 [10] ERROR Sincerity.SincerityCrawler - Sincerity.SincerityCrawler
 Sincerity.SincerityCrawlernameSystem.Net.WebException: 基础连接已经关闭: 接收时发生错误。 ---> System.IO.IOException: 无法从传输连接中读取数据: 远程主机强迫关闭了一个现有的连接。。 ---> System.Net.Sockets.SocketException: 远程主机强迫关闭了一个现有的连接。
   在 System.Net.Sockets.Socket.Receive(Byte[] buffer, Int32 offset, Int32 size, SocketFlags socketFlags)
   在 System.Net.Sockets.NetworkStream.Read(Byte[] buffer, Int32 offset, Int32 size)
   --- 内部异常堆栈跟踪的结尾 ---
   在 System.Net.Sockets.NetworkStream.Read(Byte[] buffer, Int32 offset, Int32 size)
   在 System.Net.Connection.SyncRead(HttpWebRequest request, Boolean userRetrievedStream, Boolean probeRead)
   --- 内部异常堆栈跟踪的结尾 ---
   在 System.Net.HttpWebRequest.GetResponse()
   在 ZJCredit.HttpHelper.GetHtmlByPost(String url, String postDataString, IWebProxy proxy) 位置 F:\myGitHub\ZJCredit\HelpLib\HttpHelper.cs:行号 150
   在 Sincerity.SincerityCrawler.GetInfoAndInsertDb(String url, Action`2 insertDb, String tableName) 位置 F:\myGitHub\ZJCredit\Sincerity\SincerityCrawler.cs:行号 150
   在 Sincerity.SincerityCrawler.GetInfoAndInsertDb(Object o) 位置 F:\myGitHub\ZJCredit\Sincerity\SincerityCrawler.cs:行号 69
2017-06-14 20:58:52,022 [10] ERROR Sincerity.SincerityCrawler - Sincerity.SincerityCrawler
 Sincerity.SincerityCrawlernameSystem.Net.WebException: 基础连接已经关闭: 接收时发生错误。 ---> System.IO.IOException: 无法从传输连接中读取数据: 远程主机强迫关闭了一个现有的连接。。 ---> System.Net.Sockets.SocketException: 远程主机强迫关闭了一个现有的连接。
   在 System.Net.Sockets.Socket.Receive(Byte[] buffer, Int32 offset, Int32 size, SocketFlags socketFlags)
   在 System.Net.Sockets.NetworkStream.Read(Byte[] buffer, Int32 offset, Int32 size)
   --- 内部异常堆栈跟踪的结尾 ---
   在 System.Net.Sockets.NetworkStream.Read(Byte[] buffer, Int32 offset, Int32 size)
   在 System.Net.Connection.SyncRead(HttpWebRequest request, Boolean userRetrievedStream, Boolean probeRead)
   --- 内部异常堆栈跟踪的结尾 ---
   在 System.Net.HttpWebRequest.GetResponse()
   在 ZJCredit.HttpHelper.GetHtmlByPost(String url, String postDataString, IWebProxy proxy) 位置 F:\myGitHub\ZJCredit\HelpLib\HttpHelper.cs:行号 150
   在 Sincerity.SincerityCrawler.GetInfoAndInsertDb(String url, Action`2 insertDb, String tableName) 位置 F:\myGitHub\ZJCredit\Sincerity\SincerityCrawler.cs:行号 150
   在 Sincerity.SincerityCrawler.GetInfoAndInsertDb(Object o) 位置 F:\myGitHub\ZJCredit\Sincerity\SincerityCrawler.cs:行号 69
2017-06-14 20:58:52,037 [10] ERROR Sincerity.SincerityCrawler - Sincerity.SincerityCrawler
 Sincerity.SincerityCrawlernameSystem.Net.WebException: 基础连接已经关闭: 接收时发生错误。 ---> System.IO.IOException: 无法从传输连接中读取数据: 远程主机强迫关闭了一个现有的连接。。 ---> System.Net.Sockets.SocketException: 远程主机强迫关闭了一个现有的连接。
   在 System.Net.Sockets.Socket.Receive(Byte[] buffer, Int32 offset, Int32 size, SocketFlags socketFlags)
   在 System.Net.Sockets.NetworkStream.Read(Byte[] buffer, Int32 offset, Int32 size)
   --- 内部异常堆栈跟踪的结尾 ---
   在 System.Net.Sockets.NetworkStream.Read(Byte[] buffer, Int32 offset, Int32 size)
   在 System.Net.Connection.SyncRead(HttpWebRequest request, Boolean userRetrievedStream, Boolean probeRead)
   --- 内部异常堆栈跟踪的结尾 ---
   在 System.Net.HttpWebRequest.GetResponse()
   在 ZJCredit.HttpHelper.GetHtmlByPost(String url, String postDataString, IWebProxy proxy) 位置 F:\myGitHub\ZJCredit\HelpLib\HttpHelper.cs:行号 150
   在 Sincerity.SincerityCrawler.GetInfoAndInsertDb(String url, Action`2 insertDb, String tableName) 位置 F:\myGitHub\ZJCredit\Sincerity\SincerityCrawler.cs:行号 150
   在 Sincerity.SincerityCrawler.GetInfoAndInsertDb(Object o) 位置 F:\myGitHub\ZJCredit\Sincerity\SincerityCrawler.cs:行号 69
2017-06-14 20:58:52,051 [10] ERROR Sincerity.SincerityCrawler - Sincerity.SincerityCrawler
 Sincerity.SincerityCrawlernameSystem.Net.WebException: 基础连接已经关闭: 接收时发生错误。 ---> System.IO.IOException: 无法从传输连接中读取数据: 远程主机强迫关闭了一个现有的连接。。 ---> System.Net.Sockets.SocketException: 远程主机强迫关闭了一个现有的连接。
   在 System.Net.Sockets.Socket.Receive(Byte[] buffer, Int32 offset, Int32 size, SocketFlags socketFlags)
   在 System.Net.Sockets.NetworkStream.Read(Byte[] buffer, Int32 offset, Int32 size)
   --- 内部异常堆栈跟踪的结尾 ---
   在 System.Net.Sockets.NetworkStream.Read(Byte[] buffer, Int32 offset, Int32 size)
   在 System.Net.Connection.SyncRead(HttpWebRequest request, Boolean userRetrievedStream, Boolean probeRead)
   --- 内部异常堆栈跟踪的结尾 ---
   在 System.Net.HttpWebRequest.GetResponse()
   在 ZJCredit.HttpHelper.GetHtmlByPost(String url, String postDataString, IWebProxy proxy) 位置 F:\myGitHub\ZJCredit\HelpLib\HttpHelper.cs:行号 150
   在 Sincerity.SincerityCrawler.GetInfoAndInsertDb(String url, Action`2 insertDb, String tableName) 位置 F:\myGitHub\ZJCredit\Sincerity\SincerityCrawler.cs:行号 150
   在 Sincerity.SincerityCrawler.GetInfoAndInsertDb(Object o) 位置 F:\myGitHub\ZJCredit\Sincerity\SincerityCrawler.cs:行号 69
2017-06-14 20:58:52,060 [10] ERROR Sincerity.SincerityCrawler - Sincerity.SincerityCrawler
 Sincerity.SincerityCrawlernameSystem.Net.WebException: 基础连接已经关闭: 接收时发生错误。 ---> System.IO.IOException: 无法从传输连接中读取数据: 远程主机强迫关闭了一个现有的连接。。 ---> System.Net.Sockets.SocketException: 远程主机强迫关闭了一个现有的连接。
   在 System.Net.Sockets.Socket.Receive(Byte[] buffer, Int32 offset, Int32 size, SocketFlags socketFlags)
   在 System.Net.Sockets.NetworkStream.Read(Byte[] buffer, Int32 offset, Int32 size)
   --- 内部异常堆栈跟踪的结尾 ---
   在 System.Net.Sockets.NetworkStream.Read(Byte[] buffer, Int32 offset, Int32 size)
   在 System.Net.Connection.SyncRead(HttpWebRequest request, Boolean userRetrievedStream, Boolean probeRead)
   --- 内部异常堆栈跟踪的结尾 ---
   在 System.Net.HttpWebRequest.GetResponse()
   在 ZJCredit.HttpHelper.GetHtmlByPost(String url, String postDataString, IWebProxy proxy) 位置 F:\myGitHub\ZJCredit\HelpLib\HttpHelper.cs:行号 150
   在 Sincerity.SincerityCrawler.GetInfoAndInsertDb(String url, Action`2 insertDb, String tableName) 位置 F:\myGitHub\ZJCredit\Sincerity\SincerityCrawler.cs:行号 150
   在 Sincerity.SincerityCrawler.GetInfoAndInsertDb(Object o) 位置 F:\myGitHub\ZJCredit\Sincerity\SincerityCrawler.cs:行号 69
2017-06-14 20:58:52,068 [10] ERROR Sincerity.SincerityCrawler - Sincerity.SincerityCrawler
 Sincerity.SincerityCrawlernameSystem.Net.WebException: 基础连接已经关闭: 接收时发生错误。 ---> System.IO.IOException: 无法从传输连接中读取数据: 远程主机强迫关闭了一个现有的连接。。 ---> System.Net.Sockets.SocketException: 远程主机强迫关闭了一个现有的连接。
   在 System.Net.Sockets.Socket.Receive(Byte[] buffer, Int32 offset, Int32 size, SocketFlags socketFlags)
   在 System.Net.Sockets.NetworkStream.Read(Byte[] buffer, Int32 offset, Int32 size)
   --- 内部异常堆栈跟踪的结尾 ---
   在 System.Net.Sockets.NetworkStream.Read(Byte[] buffer, Int32 offset, Int32 size)
   在 System.Net.Connection.SyncRead(HttpWebRequest request, Boolean userRetrievedStream, Boolean probeRead)
   --- 内部异常堆栈跟踪的结尾 ---
   在 System.Net.HttpWebRequest.GetResponse()
   在 ZJCredit.HttpHelper.GetHtmlByPost(String url, String postDataString, IWebProxy proxy) 位置 F:\myGitHub\ZJCredit\HelpLib\HttpHelper.cs:行号 150
   在 Sincerity.SincerityCrawler.GetInfoAndInsertDb(String url, Action`2 insertDb, String tableName) 位置 F:\myGitHub\ZJCredit\Sincerity\SincerityCrawler.cs:行号 150
   在 Sincerity.SincerityCrawler.GetInfoAndInsertDb(Object o) 位置 F:\myGitHub\ZJCredit\Sincerity\SincerityCrawler.cs:行号 69
2017-06-14 20:58:52,076 [10] ERROR Sincerity.SincerityCrawler - Sincerity.SincerityCrawler
 Sincerity.SincerityCrawlernameSystem.Net.WebException: 基础连接已经关闭: 接收时发生错误。 ---> System.IO.IOException: 无法从传输连接中读取数据: 远程主机强迫关闭了一个现有的连接。。 ---> System.Net.Sockets.SocketException: 远程主机强迫关闭了一个现有的连接。
   在 System.Net.Sockets.Socket.Receive(Byte[] buffer, Int32 offset, Int32 size, SocketFlags socketFlags)
   在 System.Net.Sockets.NetworkStream.Read(Byte[] buffer, Int32 offset, Int32 size)
   --- 内部异常堆栈跟踪的结尾 ---
   在 System.Net.Sockets.NetworkStream.Read(Byte[] buffer, Int32 offset, Int32 size)
   在 System.Net.Connection.SyncRead(HttpWebRequest request, Boolean userRetrievedStream, Boolean probeRead)
   --- 内部异常堆栈跟踪的结尾 ---
   在 System.Net.HttpWebRequest.GetResponse()
   在 ZJCredit.HttpHelper.GetHtmlByPost(String url, String postDataString, IWebProxy proxy) 位置 F:\myGitHub\ZJCredit\HelpLib\HttpHelper.cs:行号 150
   在 Sincerity.SincerityCrawler.GetInfoAndInsertDb(String url, Action`2 insertDb, String tableName) 位置 F:\myGitHub\ZJCredit\Sincerity\SincerityCrawler.cs:行号 150
   在 Sincerity.SincerityCrawler.GetInfoAndInsertDb(Object o) 位置 F:\myGitHub\ZJCredit\Sincerity\SincerityCrawler.cs:行号 69
2017-06-14 20:58:52,083 [10] ERROR Sincerity.SincerityCrawler - Sincerity.SincerityCrawler
 Sincerity.SincerityCrawlernameSystem.Net.WebException: 基础连接已经关闭: 接收时发生错误。 ---> System.IO.IOException: 无法从传输连接中读取数据: 远程主机强迫关闭了一个现有的连接。。 ---> System.Net.Sockets.SocketException: 远程主机强迫关闭了一个现有的连接。
   在 System.Net.Sockets.Socket.Receive(Byte[] buffer, Int32 offset, Int32 size, SocketFlags socketFlags)
   在 System.Net.Sockets.NetworkStream.Read(Byte[] buffer, Int32 offset, Int32 size)
   --- 内部异常堆栈跟踪的结尾 ---
   在 System.Net.Sockets.NetworkStream.Read(Byte[] buffer, Int32 offset, Int32 size)
   在 System.Net.Connection.SyncRead(HttpWebRequest request, Boolean userRetrievedStream, Boolean probeRead)
   --- 内部异常堆栈跟踪的结尾 ---
   在 System.Net.HttpWebRequest.GetResponse()
   在 ZJCredit.HttpHelper.GetHtmlByPost(String url, String postDataString, IWebProxy proxy) 位置 F:\myGitHub\ZJCredit\HelpLib\HttpHelper.cs:行号 150
   在 Sincerity.SincerityCrawler.GetInfoAndInsertDb(String url, Action`2 insertDb, String tableName) 位置 F:\myGitHub\ZJCredit\Sincerity\SincerityCrawler.cs:行号 150
   在 Sincerity.SincerityCrawler.GetInfoAndInsertDb(Object o) 位置 F:\myGitHub\ZJCredit\Sincerity\SincerityCrawler.cs:行号 69
2017-06-14 20:58:52,091 [10] ERROR Sincerity.SincerityCrawler - Sincerity.SincerityCrawler
 Sincerity.SincerityCrawlernameSystem.Net.WebException: 基础连接已经关闭: 接收时发生错误。 ---> System.IO.IOException: 无法从传输连接中读取数据: 远程主机强迫关闭了一个现有的连接。。 ---> System.Net.Sockets.SocketException: 远程主机强迫关闭了一个现有的连接。
   在 System.Net.Sockets.Socket.Receive(Byte[] buffer, Int32 offset, Int32 size, SocketFlags socketFlags)
   在 System.Net.Sockets.NetworkStream.Read(Byte[] buffer, Int32 offset, Int32 size)
   --- 内部异常堆栈跟踪的结尾 ---
   在 System.Net.Sockets.NetworkStream.Read(Byte[] buffer, Int32 offset, Int32 size)
   在 System.Net.Connection.SyncRead(HttpWebRequest request, Boolean userRetrievedStream, Boolean probeRead)
   --- 内部异常堆栈跟踪的结尾 ---
   在 System.Net.HttpWebRequest.GetResponse()
   在 ZJCredit.HttpHelper.GetHtmlByPost(String url, String postDataString, IWebProxy proxy) 位置 F:\myGitHub\ZJCredit\HelpLib\HttpHelper.cs:行号 150
   在 Sincerity.SincerityCrawler.GetInfoAndInsertDb(String url, Action`2 insertDb, String tableName) 位置 F:\myGitHub\ZJCredit\Sincerity\SincerityCrawler.cs:行号 150
   在 Sincerity.SincerityCrawler.GetInfoAndInsertDb(Object o) 位置 F:\myGitHub\ZJCredit\Sincerity\SincerityCrawler.cs:行号 69
2017-06-14 20:58:52,100 [10] ERROR Sincerity.SincerityCrawler - Sincerity.SincerityCrawler
 Sincerity.SincerityCrawlernameSystem.Net.WebException: 基础连接已经关闭: 接收时发生错误。 ---> System.IO.IOException: 无法从传输连接中读取数据: 远程主机强迫关闭了一个现有的连接。。 ---> System.Net.Sockets.SocketException: 远程主机强迫关闭了一个现有的连接。
   在 System.Net.Sockets.Socket.Receive(Byte[] buffer, Int32 offset, Int32 size, SocketFlags socketFlags)
   在 System.Net.Sockets.NetworkStream.Read(Byte[] buffer, Int32 offset, Int32 size)
   --- 内部异常堆栈跟踪的结尾 ---
   在 System.Net.Sockets.NetworkStream.Read(Byte[] buffer, Int32 offset, Int32 size)
   在 System.Net.Connection.SyncRead(HttpWebRequest request, Boolean userRetrievedStream, Boolean probeRead)
   --- 内部异常堆栈跟踪的结尾 ---
   在 System.Net.HttpWebRequest.GetResponse()
   在 ZJCredit.HttpHelper.GetHtmlByPost(String url, String postDataString, IWebProxy proxy) 位置 F:\myGitHub\ZJCredit\HelpLib\HttpHelper.cs:行号 150
   在 Sincerity.SincerityCrawler.GetInfoAndInsertDb(String url, Action`2 insertDb, String tableName) 位置 F:\myGitHub\ZJCredit\Sincerity\SincerityCrawler.cs:行号 150
   在 Sincerity.SincerityCrawler.GetInfoAndInsertDb(Object o) 位置 F:\myGitHub\ZJCredit\Sincerity\SincerityCrawler.cs:行号 69
2017-06-14 20:58:52,108 [10] ERROR Sincerity.SincerityCrawler - Sincerity.SincerityCrawler
 Sincerity.SincerityCrawlernameSystem.Net.WebException: 基础连接已经关闭: 接收时发生错误。 ---> System.IO.IOException: 无法从传输连接中读取数据: 远程主机强迫关闭了一个现有的连接。。 ---> System.Net.Sockets.SocketException: 远程主机强迫关闭了一个现有的连接。
   在 System.Net.Sockets.Socket.Receive(Byte[] buffer, Int32 offset, Int32 size, SocketFlags socketFlags)
   在 System.Net.Sockets.NetworkStream.Read(Byte[] buffer, Int32 offset, Int32 size)
   --- 内部异常堆栈跟踪的结尾 ---
   在 System.Net.Sockets.NetworkStream.Read(Byte[] buffer, Int32 offset, Int32 size)
   在 System.Net.Connection.SyncRead(HttpWebRequest request, Boolean userRetrievedStream, Boolean probeRead)
   --- 内部异常堆栈跟踪的结尾 ---
   在 System.Net.HttpWebRequest.GetResponse()
   在 ZJCredit.HttpHelper.GetHtmlByPost(String url, String postDataString, IWebProxy proxy) 位置 F:\myGitHub\ZJCredit\HelpLib\HttpHelper.cs:行号 150
   在 Sincerity.SincerityCrawler.GetInfoAndInsertDb(String url, Action`2 insertDb, String tableName) 位置 F:\myGitHub\ZJCredit\Sincerity\SincerityCrawler.cs:行号 150
   在 Sincerity.SincerityCrawler.GetInfoAndInsertDb(Object o) 位置 F:\myGitHub\ZJCredit\Sincerity\SincerityCrawler.cs:行号 69
2017-06-14 20:58:52,116 [10] ERROR Sincerity.SincerityCrawler - Sincerity.SincerityCrawler
 Sincerity.SincerityCrawlernameSystem.Net.WebException: 基础连接已经关闭: 接收时发生错误。 ---> System.IO.IOException: 无法从传输连接中读取数据: 远程主机强迫关闭了一个现有的连接。。 ---> System.Net.Sockets.SocketException: 远程主机强迫关闭了一个现有的连接。
   在 System.Net.Sockets.Socket.Receive(Byte[] buffer, Int32 offset, Int32 size, SocketFlags socketFlags)
   在 System.Net.Sockets.NetworkStream.Read(Byte[] buffer, Int32 offset, Int32 size)
   --- 内部异常堆栈跟踪的结尾 ---
   在 System.Net.Sockets.NetworkStream.Read(Byte[] buffer, Int32 offset, Int32 size)
   在 System.Net.Connection.SyncRead(HttpWebRequest request, Boolean userRetrievedStream, Boolean probeRead)
   --- 内部异常堆栈跟踪的结尾 ---
   在 System.Net.HttpWebRequest.GetResponse()
   在 ZJCredit.HttpHelper.GetHtmlByPost(String url, String postDataString, IWebProxy proxy) 位置 F:\myGitHub\ZJCredit\HelpLib\HttpHelper.cs:行号 150
   在 Sincerity.SincerityCrawler.GetInfoAndInsertDb(String url, Action`2 insertDb, String tableName) 位置 F:\myGitHub\ZJCredit\Sincerity\SincerityCrawler.cs:行号 150
   在 Sincerity.SincerityCrawler.GetInfoAndInsertDb(Object o) 位置 F:\myGitHub\ZJCredit\Sincerity\SincerityCrawler.cs:行号 69
2017-06-14 20:58:52,124 [10] ERROR Sincerity.SincerityCrawler - Sincerity.SincerityCrawler
 Sincerity.SincerityCrawlernameSystem.Net.WebException: 基础连接已经关闭: 接收时发生错误。 ---> System.IO.IOException: 无法从传输连接中读取数据: 远程主机强迫关闭了一个现有的连接。。 ---> System.Net.Sockets.SocketException: 远程主机强迫关闭了一个现有的连接。
   在 System.Net.Sockets.Socket.Receive(Byte[] buffer, Int32 offset, Int32 size, SocketFlags socketFlags)
   在 System.Net.Sockets.NetworkStream.Read(Byte[] buffer, Int32 offset, Int32 size)
   --- 内部异常堆栈跟踪的结尾 ---
   在 System.Net.Sockets.NetworkStream.Read(Byte[] buffer, Int32 offset, Int32 size)
   在 System.Net.Connection.SyncRead(HttpWebRequest request, Boolean userRetrievedStream, Boolean probeRead)
   --- 内部异常堆栈跟踪的结尾 ---
   在 System.Net.HttpWebRequest.GetResponse()
   在 ZJCredit.HttpHelper.GetHtmlByPost(String url, String postDataString, IWebProxy proxy) 位置 F:\myGitHub\ZJCredit\HelpLib\HttpHelper.cs:行号 150
   在 Sincerity.SincerityCrawler.GetInfoAndInsertDb(String url, Action`2 insertDb, String tableName) 位置 F:\myGitHub\ZJCredit\Sincerity\SincerityCrawler.cs:行号 150
   在 Sincerity.SincerityCrawler.GetInfoAndInsertDb(Object o) 位置 F:\myGitHub\ZJCredit\Sincerity\SincerityCrawler.cs:行号 69
2017-06-14 20:58:52,132 [10] ERROR Sincerity.SincerityCrawler - Sincerity.SincerityCrawler
 Sincerity.SincerityCrawlernameSystem.Net.WebException: 基础连接已经关闭: 接收时发生错误。 ---> System.IO.IOException: 无法从传输连接中读取数据: 远程主机强迫关闭了一个现有的连接。。 ---> System.Net.Sockets.SocketException: 远程主机强迫关闭了一个现有的连接。
   在 System.Net.Sockets.Socket.Receive(Byte[] buffer, Int32 offset, Int32 size, SocketFlags socketFlags)
   在 System.Net.Sockets.NetworkStream.Read(Byte[] buffer, Int32 offset, Int32 size)
   --- 内部异常堆栈跟踪的结尾 ---
   在 System.Net.Sockets.NetworkStream.Read(Byte[] buffer, Int32 offset, Int32 size)
   在 System.Net.Connection.SyncRead(HttpWebRequest request, Boolean userRetrievedStream, Boolean probeRead)
   --- 内部异常堆栈跟踪的结尾 ---
   在 System.Net.HttpWebRequest.GetResponse()
   在 ZJCredit.HttpHelper.GetHtmlByPost(String url, String postDataString, IWebProxy proxy) 位置 F:\myGitHub\ZJCredit\HelpLib\HttpHelper.cs:行号 150
   在 Sincerity.SincerityCrawler.GetInfoAndInsertDb(String url, Action`2 insertDb, String tableName) 位置 F:\myGitHub\ZJCredit\Sincerity\SincerityCrawler.cs:行号 150
   在 Sincerity.SincerityCrawler.GetInfoAndInsertDb(Object o) 位置 F:\myGitHub\ZJCredit\Sincerity\SincerityCrawler.cs:行号 69
2017-06-14 20:58:52,140 [10] ERROR Sincerity.SincerityCrawler - Sincerity.SincerityCrawler
 Sincerity.SincerityCrawlernameSystem.Net.WebException: 基础连接已经关闭: 接收时发生错误。 ---> System.IO.IOException: 无法从传输连接中读取数据: 远程主机强迫关闭了一个现有的连接。。 ---> System.Net.Sockets.SocketException: 远程主机强迫关闭了一个现有的连接。
   在 System.Net.Sockets.Socket.Receive(Byte[] buffer, Int32 offset, Int32 size, SocketFlags socketFlags)
   在 System.Net.Sockets.NetworkStream.Read(Byte[] buffer, Int32 offset, Int32 size)
   --- 内部异常堆栈跟踪的结尾 ---
   在 System.Net.Sockets.NetworkStream.Read(Byte[] buffer, Int32 offset, Int32 size)
   在 System.Net.Connection.SyncRead(HttpWebRequest request, Boolean userRetrievedStream, Boolean probeRead)
   --- 内部异常堆栈跟踪的结尾 ---
   在 System.Net.HttpWebRequest.GetResponse()
   在 ZJCredit.HttpHelper.GetHtmlByPost(String url, String postDataString, IWebProxy proxy) 位置 F:\myGitHub\ZJCredit\HelpLib\HttpHelper.cs:行号 150
   在 Sincerity.SincerityCrawler.GetInfoAndInsertDb(String url, Action`2 insertDb, String tableName) 位置 F:\myGitHub\ZJCredit\Sincerity\SincerityCrawler.cs:行号 150
   在 Sincerity.SincerityCrawler.GetInfoAndInsertDb(Object o) 位置 F:\myGitHub\ZJCredit\Sincerity\SincerityCrawler.cs:行号 69
2017-06-14 20:58:52,147 [10] ERROR Sincerity.SincerityCrawler - Sincerity.SincerityCrawler
 Sincerity.SincerityCrawlernameSystem.Net.WebException: 基础连接已经关闭: 接收时发生错误。 ---> System.IO.IOException: 无法从传输连接中读取数据: 远程主机强迫关闭了一个现有的连接。。 ---> System.Net.Sockets.SocketException: 远程主机强迫关闭了一个现有的连接。
   在 System.Net.Sockets.Socket.Receive(Byte[] buffer, Int32 offset, Int32 size, SocketFlags socketFlags)
   在 System.Net.Sockets.NetworkStream.Read(Byte[] buffer, Int32 offset, Int32 size)
   --- 内部异常堆栈跟踪的结尾 ---
   在 System.Net.Sockets.NetworkStream.Read(Byte[] buffer, Int32 offset, Int32 size)
   在 System.Net.Connection.SyncRead(HttpWebRequest request, Boolean userRetrievedStream, Boolean probeRead)
   --- 内部异常堆栈跟踪的结尾 ---
   在 System.Net.HttpWebRequest.GetResponse()
   在 ZJCredit.HttpHelper.GetHtmlByPost(String url, String postDataString, IWebProxy proxy) 位置 F:\myGitHub\ZJCredit\HelpLib\HttpHelper.cs:行号 150
   在 Sincerity.SincerityCrawler.GetInfoAndInsertDb(String url, Action`2 insertDb, String tableName) 位置 F:\myGitHub\ZJCredit\Sincerity\SincerityCrawler.cs:行号 150
   在 Sincerity.SincerityCrawler.GetInfoAndInsertDb(Object o) 位置 F:\myGitHub\ZJCredit\Sincerity\SincerityCrawler.cs:行号 69
2017-06-14 20:58:52,157 [10] ERROR Sincerity.SincerityCrawler - Sincerity.SincerityCrawler
 Sincerity.SincerityCrawlernameSystem.Net.WebException: 基础连接已经关闭: 接收时发生错误。 ---> System.IO.IOException: 无法从传输连接中读取数据: 远程主机强迫关闭了一个现有的连接。。 ---> System.Net.Sockets.SocketException: 远程主机强迫关闭了一个现有的连接。
   在 System.Net.Sockets.Socket.Receive(Byte[] buffer, Int32 offset, Int32 size, SocketFlags socketFlags)
   在 System.Net.Sockets.NetworkStream.Read(Byte[] buffer, Int32 offset, Int32 size)
   --- 内部异常堆栈跟踪的结尾 ---
   在 System.Net.Sockets.NetworkStream.Read(Byte[] buffer, Int32 offset, Int32 size)
   在 System.Net.Connection.SyncRead(HttpWebRequest request, Boolean userRetrievedStream, Boolean probeRead)
   --- 内部异常堆栈跟踪的结尾 ---
   在 System.Net.HttpWebRequest.GetResponse()
   在 ZJCredit.HttpHelper.GetHtmlByPost(String url, String postDataString, IWebProxy proxy) 位置 F:\myGitHub\ZJCredit\HelpLib\HttpHelper.cs:行号 150
   在 Sincerity.SincerityCrawler.GetInfoAndInsertDb(String url, Action`2 insertDb, String tableName) 位置 F:\myGitHub\ZJCredit\Sincerity\SincerityCrawler.cs:行号 150
   在 Sincerity.SincerityCrawler.GetInfoAndInsertDb(Object o) 位置 F:\myGitHub\ZJCredit\Sincerity\SincerityCrawler.cs:行号 69
2017-06-14 20:58:52,165 [10] ERROR Sincerity.SincerityCrawler - Sincerity.SincerityCrawler
 Sincerity.SincerityCrawlernameSystem.Net.WebException: 基础连接已经关闭: 接收时发生错误。 ---> System.IO.IOException: 无法从传输连接中读取数据: 远程主机强迫关闭了一个现有的连接。。 ---> System.Net.Sockets.SocketException: 远程主机强迫关闭了一个现有的连接。
   在 System.Net.Sockets.Socket.Receive(Byte[] buffer, Int32 offset, Int32 size, SocketFlags socketFlags)
   在 System.Net.Sockets.NetworkStream.Read(Byte[] buffer, Int32 offset, Int32 size)
   --- 内部异常堆栈跟踪的结尾 ---
   在 System.Net.Sockets.NetworkStream.Read(Byte[] buffer, Int32 offset, Int32 size)
   在 System.Net.Connection.SyncRead(HttpWebRequest request, Boolean userRetrievedStream, Boolean probeRead)
   --- 内部异常堆栈跟踪的结尾 ---
   在 System.Net.HttpWebRequest.GetResponse()
   在 ZJCredit.HttpHelper.GetHtmlByPost(String url, String postDataString, IWebProxy proxy) 位置 F:\myGitHub\ZJCredit\HelpLib\HttpHelper.cs:行号 150
   在 Sincerity.SincerityCrawler.GetInfoAndInsertDb(String url, Action`2 insertDb, String tableName) 位置 F:\myGitHub\ZJCredit\Sincerity\SincerityCrawler.cs:行号 150
   在 Sincerity.SincerityCrawler.GetInfoAndInsertDb(Object o) 位置 F:\myGitHub\ZJCredit\Sincerity\SincerityCrawler.cs:行号 69
